TN:
SF:src/App.tsx
FN:18,App
FN:19,(anonymous_1)
FN:21,(anonymous_2)
FN:30,(anonymous_3)
FNF:4
FNH:0
FNDA:0,App
FNDA:0,(anonymous_1)
FNDA:0,(anonymous_2)
FNDA:0,(anonymous_3)
DA:1,0
DA:2,0
DA:3,0
DA:4,0
DA:5,0
DA:6,0
DA:7,0
DA:8,0
DA:9,0
DA:10,0
DA:11,0
DA:12,0
DA:13,0
DA:14,0
DA:15,0
DA:16,0
DA:19,0
DA:21,0
DA:22,0
DA:24,0
DA:25,0
DA:27,0
DA:30,0
DA:31,0
DA:35,0
DA:69,0
LF:26
LH:0
BRDA:24,0,0,0
BRDA:24,0,1,0
BRF:2
BRH:0
end_of_record
TN:
SF:src/api/authorsApi.ts
FN:9,(anonymous_7)
FN:9,(anonymous_8)
FN:54,(anonymous_9)
FN:64,(anonymous_11)
FNF:4
FNH:0
FNDA:0,(anonymous_7)
FNDA:0,(anonymous_8)
FNDA:0,(anonymous_9)
FNDA:0,(anonymous_11)
DA:1,0
DA:8,0
DA:9,0
DA:17,0
DA:19,0
DA:20,0
DA:23,0
DA:24,0
DA:27,0
DA:28,0
DA:31,0
DA:32,0
DA:35,0
DA:36,0
DA:39,0
DA:40,0
DA:43,0
DA:44,0
DA:45,0
DA:47,0
DA:48,0
DA:51,0
DA:55,0
DA:57,0
DA:58,0
DA:61,0
DA:65,0
DA:69,0
DA:70,0
DA:73,0
LF:30
LH:0
BRDA:9,0,0,0
BRDA:19,1,0,0
BRDA:19,1,1,0
BRDA:23,2,0,0
BRDA:23,2,1,0
BRDA:27,3,0,0
BRDA:27,3,1,0
BRDA:31,4,0,0
BRDA:31,4,1,0
BRDA:35,5,0,0
BRDA:35,5,1,0
BRDA:39,6,0,0
BRDA:39,6,1,0
BRDA:44,7,0,0
BRDA:44,7,1,0
BRDA:47,8,0,0
BRDA:47,8,1,0
BRDA:57,9,0,0
BRDA:57,9,1,0
BRDA:69,10,0,0
BRDA:69,10,1,0
BRF:21
BRH:0
end_of_record
TN:
SF:src/api/commentsApi.ts
FN:10,(anonymous_7)
FN:19,(anonymous_8)
FN:20,(anonymous_9)
FN:21,(anonymous_10)
FN:37,(anonymous_11)
FN:70,(anonymous_13)
FN:96,(anonymous_15)
FNF:7
FNH:0
FNDA:0,(anonymous_7)
FNDA:0,(anonymous_8)
FNDA:0,(anonymous_9)
FNDA:0,(anonymous_10)
FNDA:0,(anonymous_11)
FNDA:0,(anonymous_13)
FNDA:0,(anonymous_15)
DA:1,0
DA:10,0
DA:11,0
DA:12,0
DA:15,0
DA:17,0
DA:18,0
DA:19,0
DA:20,0
DA:22,0
DA:26,0
DA:27,0
DA:30,0
DA:31,0
DA:32,0
DA:36,0
DA:40,0
DA:42,0
DA:43,0
DA:46,0
DA:47,0
DA:50,0
DA:52,0
DA:53,0
DA:54,0
DA:56,0
DA:57,0
DA:60,0
DA:73,0
DA:75,0
DA:76,0
DA:79,0
DA:80,0
DA:83,0
DA:85,0
DA:86,0
DA:87,0
DA:89,0
DA:90,0
DA:93,0
DA:97,0
DA:103,0
DA:104,0
DA:107,0
LF:44
LH:0
BRDA:11,0,0,0
BRDA:11,0,1,0
BRDA:17,1,0,0
BRDA:17,1,1,0
BRDA:26,2,0,0
BRDA:26,2,1,0
BRDA:26,3,0,0
BRDA:26,3,1,0
BRDA:30,4,0,0
BRDA:30,4,1,0
BRDA:30,5,0,0
BRDA:30,5,1,0
BRDA:31,6,0,0
BRDA:31,6,1,0
BRDA:42,7,0,0
BRDA:42,7,1,0
BRDA:42,8,0,0
BRDA:42,8,1,0
BRDA:42,9,0,0
BRDA:42,9,1,0
BRDA:46,10,0,0
BRDA:46,10,1,0
BRDA:46,11,0,0
BRDA:46,11,1,0
BRDA:46,12,0,0
BRDA:46,12,1,0
BRDA:53,13,0,0
BRDA:53,13,1,0
BRDA:56,14,0,0
BRDA:56,14,1,0
BRDA:75,15,0,0
BRDA:75,15,1,0
BRDA:75,16,0,0
BRDA:75,16,1,0
BRDA:75,17,0,0
BRDA:75,17,1,0
BRDA:79,18,0,0
BRDA:79,18,1,0
BRDA:79,19,0,0
BRDA:79,19,1,0
BRDA:79,20,0,0
BRDA:79,20,1,0
BRDA:86,21,0,0
BRDA:86,21,1,0
BRDA:89,22,0,0
BRDA:89,22,1,0
BRDA:103,23,0,0
BRDA:103,23,1,0
BRF:48
BRH:0
end_of_record
TN:
SF:src/api/groupsApi.ts
FN:10,(anonymous_7)
FN:20,(anonymous_9)
FN:31,(anonymous_11)
FN:48,(anonymous_12)
FN:54,(anonymous_14)
FN:62,(anonymous_16)
FN:70,(anonymous_18)
FNF:7
FNH:0
FNDA:0,(anonymous_7)
FNDA:0,(anonymous_9)
FNDA:0,(anonymous_11)
FNDA:0,(anonymous_12)
FNDA:0,(anonymous_14)
FNDA:0,(anonymous_16)
FNDA:0,(anonymous_18)
DA:1,0
DA:9,0
DA:11,0
DA:16,0
DA:17,0
DA:21,0
DA:22,0
DA:24,0
DA:28,0
DA:29,0
DA:30,0
DA:32,0
DA:34,0
DA:35,0
DA:38,0
DA:42,0
DA:49,0
DA:50,0
DA:51,0
DA:55,0
DA:58,0
DA:59,0
DA:63,0
DA:66,0
DA:67,0
DA:71,0
DA:72,0
DA:73,0
DA:74,0
DA:77,0
LF:30
LH:0
BRDA:16,0,0,0
BRDA:16,0,1,0
BRDA:28,1,0,0
BRDA:28,1,1,0
BRDA:30,2,0,0
BRDA:30,2,1,0
BRDA:30,3,0,0
BRDA:30,3,1,0
BRDA:30,4,0,0
BRDA:30,4,1,0
BRDA:32,5,0,0
BRDA:32,5,1,0
BRDA:32,6,0,0
BRDA:32,6,1,0
BRDA:32,7,0,0
BRDA:32,7,1,0
BRDA:32,8,0,0
BRDA:32,8,1,0
BRDA:32,9,0,0
BRDA:32,9,1,0
BRDA:32,10,0,0
BRDA:32,10,1,0
BRDA:34,11,0,0
BRDA:34,11,1,0
BRDA:34,12,0,0
BRDA:34,12,1,0
BRDA:34,13,0,0
BRDA:34,13,1,0
BRDA:34,14,0,0
BRDA:34,14,1,0
BRDA:38,15,0,0
BRDA:38,15,1,0
BRDA:38,16,0,0
BRDA:38,16,1,0
BRDA:43,17,0,0
BRDA:43,17,1,0
BRDA:43,18,0,0
BRDA:43,18,1,0
BRDA:43,19,0,0
BRDA:43,19,1,0
BRDA:50,20,0,0
BRDA:50,20,1,0
BRDA:58,21,0,0
BRDA:58,21,1,0
BRDA:66,22,0,0
BRDA:66,22,1,0
BRDA:72,23,0,0
BRDA:72,23,1,0
BRDA:74,24,0,0
BRDA:74,24,1,0
BRF:50
BRH:0
end_of_record
TN:
SF:src/api/keywordsApi.ts
FN:5,(anonymous_7)
FN:15,(anonymous_9)
FN:25,(anonymous_11)
FN:37,(anonymous_13)
FN:43,(anonymous_15)
FN:51,(anonymous_17)
FNF:6
FNH:0
FNDA:0,(anonymous_7)
FNDA:0,(anonymous_9)
FNDA:0,(anonymous_11)
FNDA:0,(anonymous_13)
FNDA:0,(anonymous_15)
FNDA:0,(anonymous_17)
DA:1,0
DA:4,0
DA:6,0
DA:11,0
DA:12,0
DA:16,0
DA:21,0
DA:22,0
DA:26,0
DA:27,0
DA:29,0
DA:33,0
DA:34,0
DA:38,0
DA:39,0
DA:40,0
DA:44,0
DA:47,0
DA:48,0
DA:52,0
DA:55,0
DA:56,0
LF:22
LH:0
BRDA:11,0,0,0
BRDA:11,0,1,0
BRDA:21,1,0,0
BRDA:21,1,1,0
BRDA:33,2,0,0
BRDA:33,2,1,0
BRDA:39,3,0,0
BRDA:39,3,1,0
BRDA:47,4,0,0
BRDA:47,4,1,0
BRDA:55,5,0,0
BRDA:55,5,1,0
BRF:12
BRH:0
end_of_record
TN:
SF:src/api/listingsApi.ts
FN:16,(anonymous_8)
FN:33,(anonymous_9)
FN:45,(anonymous_11)
FN:55,(anonymous_13)
FN:62,(anonymous_14)
FN:77,(anonymous_16)
FNF:6
FNH:0
FNDA:0,(anonymous_8)
FNDA:0,(anonymous_9)
FNDA:0,(anonymous_11)
FNDA:0,(anonymous_13)
FNDA:0,(anonymous_14)
FNDA:0,(anonymous_16)
DA:1,0
DA:16,0
DA:17,0
DA:18,0
DA:19,0
DA:21,0
DA:22,0
DA:25,0
DA:26,0
DA:29,0
DA:32,0
DA:34,0
DA:35,0
DA:36,0
DA:38,0
DA:39,0
DA:42,0
DA:46,0
DA:54,0
DA:55,0
DA:56,0
DA:59,0
DA:63,0
DA:64,0
DA:65,0
DA:66,0
DA:67,0
DA:69,0
DA:70,0
DA:71,0
DA:73,0
DA:74,0
DA:75,0
DA:76,0
DA:77,0
DA:78,0
DA:80,0
DA:81,0
DA:82,0
LF:39
LH:0
BRDA:21,0,0,0
BRDA:21,0,1,0
BRDA:25,1,0,0
BRDA:25,1,1,0
BRDA:38,2,0,0
BRDA:38,2,1,0
BRDA:54,3,0,0
BRDA:54,3,1,0
BRDA:56,4,0,0
BRDA:56,4,1,0
BRDA:64,5,0,0
BRDA:64,5,1,0
BRDA:65,6,0,0
BRDA:65,6,1,0
BRDA:66,7,0,0
BRDA:66,7,1,0
BRDA:66,8,0,0
BRDA:66,8,1,0
BRDA:69,9,0,0
BRDA:69,9,1,0
BRDA:70,10,0,0
BRDA:70,10,1,0
BRDA:70,11,0,0
BRDA:70,11,1,0
BRDA:74,12,0,0
BRDA:74,12,1,0
BRDA:76,13,0,0
BRDA:76,13,1,0
BRDA:78,14,0,0
BRDA:78,14,1,0
BRDA:81,15,0,0
BRDA:81,15,1,0
BRF:32
BRH:0
end_of_record
TN:
SF:src/api/taskAutomationApi.ts
FN:16,(anonymous_7)
FN:26,(anonymous_9)
FN:42,(anonymous_11)
FNF:3
FNH:0
FNDA:0,(anonymous_7)
FNDA:0,(anonymous_9)
FNDA:0,(anonymous_11)
DA:1,0
DA:15,0
DA:17,0
DA:19,0
DA:20,0
DA:23,0
DA:29,0
DA:35,0
DA:36,0
DA:39,0
DA:43,0
DA:47,0
DA:48,0
DA:51,0
LF:14
LH:0
BRDA:19,0,0,0
BRDA:19,0,1,0
BRDA:35,1,0,0
BRDA:35,1,1,0
BRDA:47,2,0,0
BRDA:47,2,1,0
BRF:6
BRH:0
end_of_record
TN:
SF:src/api/tasksApi.ts
FN:6,(anonymous_7)
FN:20,(anonymous_9)
FN:34,(anonymous_11)
FN:44,(anonymous_13)
FN:57,(anonymous_15)
FN:70,(anonymous_17)
FNF:6
FNH:0
FNDA:0,(anonymous_7)
FNDA:0,(anonymous_9)
FNDA:0,(anonymous_11)
FNDA:0,(anonymous_13)
FNDA:0,(anonymous_15)
FNDA:0,(anonymous_17)
DA:1,0
DA:5,0
DA:7,0
DA:13,0
DA:14,0
DA:17,0
DA:21,0
DA:23,0
DA:24,0
DA:27,0
DA:28,0
DA:31,0
DA:35,0
DA:37,0
DA:38,0
DA:41,0
DA:45,0
DA:46,0
DA:50,0
DA:51,0
DA:54,0
DA:58,0
DA:59,0
DA:63,0
DA:64,0
DA:67,0
DA:71,0
DA:72,0
DA:76,0
DA:77,0
LF:30
LH:0
BRDA:13,0,0,0
BRDA:13,0,1,0
BRDA:23,1,0,0
BRDA:23,1,1,0
BRDA:27,2,0,0
BRDA:27,2,1,0
BRDA:37,3,0,0
BRDA:37,3,1,0
BRDA:50,4,0,0
BRDA:50,4,1,0
BRDA:63,5,0,0
BRDA:63,5,1,0
BRDA:76,6,0,0
BRDA:76,6,1,0
BRF:14
BRH:0
end_of_record
TN:
SF:src/api/watchlistApi.ts
FN:17,(anonymous_7)
FN:43,(anonymous_9)
FN:57,(anonymous_11)
FN:82,(anonymous_13)
FN:96,(anonymous_15)
FN:106,(anonymous_17)
FNF:6
FNH:0
FNDA:0,(anonymous_7)
FNDA:0,(anonymous_9)
FNDA:0,(anonymous_11)
FNDA:0,(anonymous_13)
FNDA:0,(anonymous_15)
FNDA:0,(anonymous_17)
DA:1,0
DA:16,0
DA:18,0
DA:20,0
DA:21,0
DA:24,0
DA:25,0
DA:28,0
DA:29,0
DA:32,0
DA:33,0
DA:34,0
DA:36,0
DA:37,0
DA:40,0
DA:44,0
DA:50,0
DA:51,0
DA:54,0
DA:58,0
DA:60,0
DA:61,0
DA:64,0
DA:65,0
DA:68,0
DA:69,0
DA:73,0
DA:75,0
DA:76,0
DA:79,0
DA:83,0
DA:89,0
DA:90,0
DA:93,0
DA:97,0
DA:99,0
DA:100,0
DA:103,0
DA:107,0
DA:113,0
DA:114,0
DA:117,0
LF:42
LH:0
BRDA:20,0,0,0
BRDA:20,0,1,0
BRDA:20,1,0,0
BRDA:20,1,1,0
BRDA:20,2,0,0
BRDA:20,2,1,0
BRDA:24,3,0,0
BRDA:24,3,1,0
BRDA:24,4,0,0
BRDA:24,4,1,0
BRDA:24,5,0,0
BRDA:24,5,1,0
BRDA:28,6,0,0
BRDA:28,6,1,0
BRDA:28,7,0,0
BRDA:28,7,1,0
BRDA:28,8,0,0
BRDA:28,8,1,0
BRDA:33,9,0,0
BRDA:33,9,1,0
BRDA:36,10,0,0
BRDA:36,10,1,0
BRDA:50,11,0,0
BRDA:50,11,1,0
BRDA:60,12,0,0
BRDA:60,12,1,0
BRDA:60,13,0,0
BRDA:60,13,1,0
BRDA:60,14,0,0
BRDA:60,14,1,0
BRDA:64,15,0,0
BRDA:64,15,1,0
BRDA:64,16,0,0
BRDA:64,16,1,0
BRDA:64,17,0,0
BRDA:64,17,1,0
BRDA:69,18,0,0
BRDA:69,18,1,0
BRDA:75,19,0,0
BRDA:75,19,1,0
BRDA:89,20,0,0
BRDA:89,20,1,0
BRDA:99,21,0,0
BRDA:99,21,1,0
BRDA:113,22,0,0
BRDA:113,22,1,0
BRF:46
BRH:0
end_of_record
TN:
SF:src/components/ActiveTasksBanner.tsx
FN:16,(anonymous_0)
FN:18,(anonymous_1)
FN:23,ActiveTasksBanner
FN:24,(anonymous_3)
FN:26,(anonymous_4)
FNF:5
FNH:0
FNDA:0,(anonymous_0)
FNDA:0,(anonymous_1)
FNDA:0,ActiveTasksBanner
FNDA:0,(anonymous_3)
FNDA:0,(anonymous_4)
DA:1,0
DA:2,0
DA:4,0
DA:5,0
DA:6,0
DA:14,0
DA:16,0
DA:18,0
DA:19,0
DA:20,0
DA:24,0
DA:25,0
DA:27,0
DA:29,0
DA:30,0
DA:31,0
DA:32,0
DA:33,0
DA:34,0
DA:35,0
DA:36,0
DA:39,0
DA:53,0
DA:54,0
DA:56,0
DA:57,0
DA:60,0
DA:61,0
DA:62,0
DA:68,0
DA:70,0
DA:71,0
DA:74,0
DA:75,0
DA:78,0
DA:79,0
DA:82,0
DA:90,0
DA:96,0
DA:102,0
DA:134,0
LF:41
LH:0
BRDA:20,0,0,0
BRDA:20,0,1,0
BRDA:20,1,0,0
BRDA:20,1,1,0
BRDA:35,2,0,0
BRDA:35,2,1,0
BRDA:56,3,0,0
BRDA:56,3,1,0
BRDA:56,4,0,0
BRDA:56,4,1,0
BRDA:61,5,0,0
BRDA:61,5,1,0
BRDA:62,6,0,0
BRDA:62,6,1,0
BRDA:64,7,0,0
BRDA:64,7,1,0
BRDA:64,8,0,0
BRDA:64,8,1,0
BRDA:70,9,0,0
BRDA:70,9,1,0
BRDA:74,10,0,0
BRDA:74,10,1,0
BRDA:78,11,0,0
BRDA:78,11,1,0
BRDA:82,12,0,0
BRDA:82,12,1,0
BRDA:84,13,0,0
BRDA:84,13,1,0
BRDA:90,14,0,0
BRDA:90,14,1,0
BRDA:92,15,0,0
BRDA:92,15,1,0
BRDA:96,16,0,0
BRDA:96,16,1,0
BRDA:98,17,0,0
BRDA:98,17,1,0
BRDA:110,18,0,0
BRDA:110,18,1,0
BRDA:110,18,2,0
BRDA:110,18,3,0
BRDA:126,19,0,0
BRDA:126,19,1,0
BRF:42
BRH:0
end_of_record
TN:
SF:src/components/AnalysisSummarySection.tsx
FN:19,(anonymous_0)
FN:24,(anonymous_1)
FN:43,(anonymous_2)
FN:74,(anonymous_3)
FNF:4
FNH:0
FNDA:0,(anonymous_0)
FNDA:0,(anonymous_1)
FNDA:0,(anonymous_2)
FNDA:0,(anonymous_3)
DA:1,0
DA:2,0
DA:3,0
DA:4,0
DA:5,0
DA:7,0
DA:19,0
DA:24,0
DA:26,0
DA:44,0
DA:45,0
DA:46,0
DA:75,0
LF:13
LH:0
BRDA:24,0,0,0
BRDA:24,0,1,0
BRDA:24,1,0,0
BRDA:24,1,1,0
BRDA:24,2,0,0
BRDA:24,2,1,0
BRDA:24,3,0,0
BRDA:24,3,1,0
BRDA:24,4,0,0
BRDA:24,4,1,0
BRDA:24,5,0,0
BRDA:24,5,1,0
BRDA:31,6,0,0
BRDA:31,6,1,0
BRDA:37,7,0,0
BRDA:37,7,1,0
BRDA:44,8,0,0
BRDA:44,8,1,0
BRDA:44,9,0,0
BRDA:44,9,1,0
BRDA:49,10,0,0
BRDA:49,10,1,0
BRDA:59,11,0,0
BRDA:59,11,1,0
BRDA:74,12,0,0
BRDA:74,12,1,0
BRDA:74,13,0,0
BRDA:74,13,1,0
BRF:28
BRH:0
end_of_record
TN:
SF:src/components/AuthorHeroSection.tsx
FN:23,(anonymous_0)
FN:31,(anonymous_1)
FN:72,(anonymous_2)
FN:84,(anonymous_3)
FNF:4
FNH:0
FNDA:0,(anonymous_0)
FNDA:0,(anonymous_1)
FNDA:0,(anonymous_2)
FNDA:0,(anonymous_3)
DA:1,0
DA:2,0
DA:3,0
DA:4,0
DA:5,0
DA:7,0
DA:8,0
DA:23,0
DA:31,0
DA:32,0
DA:33,0
DA:36,0
DA:37,0
DA:38,0
DA:40,0
DA:61,0
DA:72,0
DA:84,0
LF:18
LH:0
BRDA:32,0,0,0
BRDA:32,0,1,0
BRDA:37,1,0,0
BRDA:37,1,1,0
BRDA:37,2,0,0
BRDA:37,2,1,0
BRDA:38,3,0,0
BRDA:38,3,1,0
BRDA:38,4,0,0
BRDA:38,4,1,0
BRDA:59,5,0,0
BRDA:59,5,1,0
BRDA:59,6,0,0
BRDA:59,6,1,0
BRDA:59,7,0,0
BRDA:59,7,1,0
BRDA:59,8,0,0
BRDA:59,8,1,0
BRDA:63,9,0,0
BRDA:63,9,1,0
BRDA:65,10,0,0
BRDA:65,10,1,0
BRDA:72,11,0,0
BRDA:72,11,1,0
BRDA:73,12,0,0
BRDA:73,12,1,0
BRDA:85,13,0,0
BRDA:85,13,1,0
BRDA:89,14,0,0
BRDA:89,14,1,0
BRF:30
BRH:0
end_of_record
TN:
SF:src/components/CreateParseTaskModal.tsx
FN:13,(anonymous_0)
FN:29,CreateParseTaskModal
FN:33,(anonymous_2)
FN:40,(anonymous_3)
FN:43,(anonymous_4)
FN:49,(anonymous_5)
FN:57,(anonymous_6)
FN:58,(anonymous_7)
FN:69,(anonymous_8)
FN:70,(anonymous_9)
FN:73,(anonymous_10)
FN:77,(anonymous_11)
FN:100,(anonymous_12)
FN:169,(anonymous_13)
FN:184,(anonymous_14)
FN:200,(anonymous_15)
FNF:16
FNH:0
FNDA:0,(anonymous_0)
FNDA:0,CreateParseTaskModal
FNDA:0,(anonymous_2)
FNDA:0,(anonymous_3)
FNDA:0,(anonymous_4)
FNDA:0,(anonymous_5)
FNDA:0,(anonymous_6)
FNDA:0,(anonymous_7)
FNDA:0,(anonymous_8)
FNDA:0,(anonymous_9)
FNDA:0,(anonymous_10)
FNDA:0,(anonymous_11)
FNDA:0,(anonymous_12)
FNDA:0,(anonymous_13)
FNDA:0,(anonymous_14)
FNDA:0,(anonymous_15)
DA:1,0
DA:2,0
DA:13,0
DA:14,0
DA:15,0
DA:18,0
DA:19,0
DA:22,0
DA:23,0
DA:26,0
DA:30,0
DA:31,0
DA:33,0
DA:34,0
DA:35,0
DA:36,0
DA:37,0
DA:40,0
DA:43,0
DA:44,0
DA:45,0
DA:48,0
DA:49,0
DA:50,0
DA:51,0
DA:52,0
DA:53,0
DA:57,0
DA:58,0
DA:59,0
DA:60,0
DA:61,0
DA:63,0
DA:65,0
DA:69,0
DA:70,0
DA:73,0
DA:74,0
DA:77,0
DA:78,0
DA:79,0
DA:81,0
DA:82,0
DA:83,0
DA:86,0
DA:87,0
DA:90,0
DA:100,0
DA:169,0
DA:185,0
DA:186,0
DA:188,0
DA:200,0
DA:235,0
LF:54
LH:0
BRDA:14,0,0,0
BRDA:14,0,1,0
BRDA:14,1,0,0
BRDA:14,1,1,0
BRDA:18,2,0,0
BRDA:18,2,1,0
BRDA:18,3,0,0
BRDA:18,3,1,0
BRDA:22,4,0,0
BRDA:22,4,1,0
BRDA:34,5,0,0
BRDA:34,5,1,0
BRDA:44,6,0,0
BRDA:44,6,1,0
BRDA:51,7,0,0
BRDA:51,7,1,0
BRDA:53,8,0,0
BRDA:53,8,1,0
BRDA:53,8,2,0
BRDA:60,9,0,0
BRDA:60,9,1,0
BRDA:78,10,0,0
BRDA:78,10,1,0
BRDA:86,11,0,0
BRDA:86,11,1,0
BRDA:178,12,0,0
BRDA:178,12,1,0
BRDA:192,13,0,0
BRDA:192,13,1,0
BRDA:205,14,0,0
BRDA:205,14,1,0
BRDA:224,15,0,0
BRDA:224,15,1,0
BRDA:227,16,0,0
BRDA:227,16,1,0
BRF:35
BRH:0
end_of_record
TN:
SF:src/components/ExpandableText.tsx
FN:10,ExpandableText
FN:25,(anonymous_1)
FNF:2
FNH:0
FNDA:0,ExpandableText
FNDA:0,(anonymous_1)
DA:1,0
DA:2,0
DA:10,0
DA:11,0
DA:13,0
DA:14,0
DA:17,0
DA:19,0
DA:25,0
LF:9
LH:0
BRDA:10,0,0,0
BRDA:10,1,0,0
BRDA:13,2,0,0
BRDA:13,2,1,0
BRDA:13,3,0,0
BRDA:13,3,1,0
BRDA:14,4,0,0
BRDA:14,4,1,0
BRDA:17,5,0,0
BRDA:17,5,1,0
BRDA:28,6,0,0
BRDA:28,6,1,0
BRF:12
BRH:0
end_of_record
TN:
SF:src/components/ExportListingsModal.tsx
FN:43,ExportListingsModal
FN:45,(anonymous_8)
FN:48,(anonymous_9)
FN:51,(anonymous_10)
FN:59,(anonymous_11)
FN:65,(anonymous_12)
FN:66,(anonymous_13)
FN:77,(anonymous_14)
FN:77,(anonymous_15)
FN:78,(anonymous_16)
FN:80,(anonymous_17)
FN:80,(anonymous_18)
FN:103,(anonymous_19)
FN:145,(anonymous_20)
FN:152,(anonymous_21)
FN:184,(anonymous_22)
FN:193,(anonymous_23)
FN:197,(anonymous_24)
FN:201,(anonymous_25)
FN:213,(anonymous_26)
FNF:20
FNH:0
FNDA:0,ExportListingsModal
FNDA:0,(anonymous_8)
FNDA:0,(anonymous_9)
FNDA:0,(anonymous_10)
FNDA:0,(anonymous_11)
FNDA:0,(anonymous_12)
FNDA:0,(anonymous_13)
FNDA:0,(anonymous_14)
FNDA:0,(anonymous_15)
FNDA:0,(anonymous_16)
FNDA:0,(anonymous_17)
FNDA:0,(anonymous_18)
FNDA:0,(anonymous_19)
FNDA:0,(anonymous_20)
FNDA:0,(anonymous_21)
FNDA:0,(anonymous_22)
FNDA:0,(anonymous_23)
FNDA:0,(anonymous_24)
FNDA:0,(anonymous_25)
FNDA:0,(anonymous_26)
DA:1,0
DA:2,0
DA:3,0
DA:4,0
DA:5,0
DA:27,0
DA:41,0
DA:44,0
DA:45,0
DA:46,0
DA:48,0
DA:49,0
DA:50,0
DA:51,0
DA:52,0
DA:58,0
DA:59,0
DA:61,0
DA:62,0
DA:65,0
DA:66,0
DA:67,0
DA:68,0
DA:69,0
DA:71,0
DA:73,0
DA:77,0
DA:78,0
DA:80,0
DA:81,0
DA:82,0
DA:83,0
DA:84,0
DA:90,0
DA:92,0
DA:96,0
DA:103,0
DA:145,0
DA:152,0
DA:186,0
DA:193,0
DA:195,0
DA:198,0
DA:202,0
DA:203,0
DA:213,0
DA:246,0
LF:47
LH:0
BRDA:49,0,0,0
BRDA:49,0,1,0
BRDA:61,1,0,0
BRDA:61,1,1,0
BRDA:68,2,0,0
BRDA:68,2,1,0
BRDA:81,3,0,0
BRDA:81,3,1,0
BRDA:81,4,0,0
BRDA:81,4,1,0
BRDA:85,5,0,0
BRDA:85,5,1,0
BRDA:85,6,0,0
BRDA:85,6,1,0
BRDA:85,7,0,0
BRDA:85,7,1,0
BRDA:85,8,0,0
BRDA:85,8,1,0
BRDA:86,9,0,0
BRDA:86,9,1,0
BRDA:144,10,0,0
BRDA:144,10,1,0
BRDA:151,11,0,0
BRDA:151,11,1,0
BRDA:207,12,0,0
BRDA:207,12,1,0
BRDA:233,13,0,0
BRDA:233,13,1,0
BRDA:234,14,0,0
BRDA:234,14,1,0
BRF:30
BRH:0
end_of_record
TN:
SF:src/components/FileUpload.tsx
FN:9,(anonymous_7)
FN:13,(anonymous_8)
FN:19,(anonymous_9)
FN:31,(anonymous_10)
FN:47,FileUpload
FN:76,(anonymous_12)
FN:82,(anonymous_13)
FN:86,(anonymous_14)
FN:90,(anonymous_15)
FN:90,(anonymous_16)
FN:99,(anonymous_17)
FN:99,(anonymous_18)
FN:114,(anonymous_19)
FN:119,(anonymous_20)
FN:124,(anonymous_21)
FN:124,(anonymous_22)
FN:158,(anonymous_23)
FNF:17
FNH:0
FNDA:0,(anonymous_7)
FNDA:0,(anonymous_8)
FNDA:0,(anonymous_9)
FNDA:0,(anonymous_10)
FNDA:0,FileUpload
FNDA:0,(anonymous_12)
FNDA:0,(anonymous_13)
FNDA:0,(anonymous_14)
FNDA:0,(anonymous_15)
FNDA:0,(anonymous_16)
FNDA:0,(anonymous_17)
FNDA:0,(anonymous_18)
FNDA:0,(anonymous_19)
FNDA:0,(anonymous_20)
FNDA:0,(anonymous_21)
FNDA:0,(anonymous_22)
FNDA:0,(anonymous_23)
DA:1,0
DA:2,0
DA:3,0
DA:4,0
DA:5,0
DA:9,0
DA:10,0
DA:11,0
DA:13,0
DA:15,0
DA:16,0
DA:17,0
DA:19,0
DA:20,0
DA:21,0
DA:22,0
DA:23,0
DA:25,0
DA:27,0
DA:31,0
DA:32,0
DA:33,0
DA:34,0
DA:35,0
DA:36,0
DA:37,0
DA:38,0
DA:39,0
DA:41,0
DA:42,0
DA:44,0
DA:47,0
DA:71,0
DA:72,0
DA:73,0
DA:74,0
DA:76,0
DA:77,0
DA:78,0
DA:82,0
DA:83,0
DA:86,0
DA:89,0
DA:90,0
DA:91,0
DA:92,0
DA:93,0
DA:98,0
DA:99,0
DA:100,0
DA:101,0
DA:102,0
DA:103,0
DA:106,0
DA:108,0
DA:109,0
DA:114,0
DA:115,0
DA:116,0
DA:119,0
DA:120,0
DA:123,0
DA:124,0
DA:125,0
DA:126,0
DA:127,0
DA:128,0
DA:129,0
DA:130,0
DA:135,0
DA:159,0
DA:160,0
DA:161,0
DA:200,0
LF:74
LH:0
BRDA:10,0,0,0
BRDA:10,0,1,0
BRDA:15,1,0,0
BRDA:15,1,1,0
BRDA:20,2,0,0
BRDA:20,2,1,0
BRDA:21,3,0,0
BRDA:21,3,1,0
BRDA:25,4,0,0
BRDA:25,4,1,0
BRDA:35,5,0,0
BRDA:35,5,1,0
BRDA:36,6,0,0
BRDA:36,6,1,0
BRDA:37,7,0,0
BRDA:37,7,1,0
BRDA:37,8,0,0
BRDA:37,8,1,0
BRDA:41,9,0,0
BRDA:41,9,1,0
BRDA:42,10,0,0
BRDA:42,10,1,0
BRDA:51,11,0,0
BRDA:52,12,0,0
BRDA:54,13,0,0
BRDA:55,14,0,0
BRDA:56,15,0,0
BRDA:60,16,0,0
BRDA:61,17,0,0
BRDA:62,18,0,0
BRDA:65,19,0,0
BRDA:66,20,0,0
BRDA:72,21,0,0
BRDA:72,21,1,0
BRDA:72,22,0,0
BRDA:72,22,1,0
BRDA:77,23,0,0
BRDA:77,23,1,0
BRDA:83,24,0,0
BRDA:83,24,1,0
BRDA:83,25,0,0
BRDA:83,25,1,0
BRDA:92,26,0,0
BRDA:92,26,1,0
BRDA:93,27,0,0
BRDA:93,27,1,0
BRDA:101,28,0,0
BRDA:101,28,1,0
BRDA:101,29,0,0
BRDA:101,29,1,0
BRDA:102,30,0,0
BRDA:102,30,1,0
BRDA:106,31,0,0
BRDA:106,31,1,0
BRDA:109,32,0,0
BRDA:109,32,1,0
BRDA:116,33,0,0
BRDA:116,33,1,0
BRDA:127,34,0,0
BRDA:127,34,1,0
BRDA:128,35,0,0
BRDA:128,35,1,0
BRDA:129,36,0,0
BRDA:129,36,1,0
BRDA:130,37,0,0
BRDA:130,37,1,0
BRDA:151,38,0,0
BRDA:151,38,1,0
BRDA:155,39,0,0
BRDA:155,39,1,0
BRDA:155,40,0,0
BRDA:155,40,1,0
BRDA:156,41,0,0
BRDA:156,41,1,0
BRDA:159,42,0,0
BRDA:159,42,1,0
BRDA:159,43,0,0
BRDA:159,43,1,0
BRDA:170,44,0,0
BRDA:170,44,1,0
BRDA:173,45,0,0
BRDA:173,45,1,0
BRDA:177,46,0,0
BRDA:177,46,1,0
BRDA:177,47,0,0
BRDA:177,47,1,0
BRDA:187,48,0,0
BRDA:187,48,1,0
BRDA:187,49,0,0
BRDA:187,49,1,0
BRDA:188,50,0,0
BRDA:188,50,1,0
BRDA:189,51,0,0
BRDA:189,51,1,0
BRDA:189,52,0,0
BRDA:189,52,1,0
BRDA:192,53,0,0
BRDA:192,53,1,0
BRDA:192,54,0,0
BRDA:192,54,1,0
BRF:100
BRH:0
end_of_record
TN:
SF:src/components/GroupInput.tsx
FN:10,GroupInput
FNF:1
FNH:0
FNDA:0,GroupInput
DA:1,0
DA:2,0
DA:11,0
DA:27,0
LF:4
LH:0
BRF:0
BRH:0
end_of_record
TN:
SF:src/components/JsonViewer.tsx
FN:9,(anonymous_0)
FN:12,(anonymous_1)
FN:17,(anonymous_2)
FN:27,(anonymous_3)
FN:52,(anonymous_4)
FN:66,(anonymous_5)
FN:95,(anonymous_6)
FN:117,(anonymous_7)
FNF:8
FNH:0
FNDA:0,(anonymous_0)
FNDA:0,(anonymous_1)
FNDA:0,(anonymous_2)
FNDA:0,(anonymous_3)
FNDA:0,(anonymous_4)
FNDA:0,(anonymous_5)
FNDA:0,(anonymous_6)
FNDA:0,(anonymous_7)
DA:1,0
DA:9,0
DA:10,0
DA:12,0
DA:15,0
DA:17,0
DA:18,0
DA:19,0
DA:21,0
DA:22,0
DA:24,0
DA:27,0
DA:28,0
DA:29,0
DA:36,0
DA:37,0
DA:39,0
DA:40,0
DA:47,0
DA:49,0
DA:50,0
DA:53,0
DA:64,0
DA:67,0
DA:81,0
DA:82,0
DA:83,0
DA:85,0
DA:86,0
DA:93,0
DA:96,0
DA:110,0
DA:117,0
DA:118,0
DA:121,0
LF:35
LH:0
BRDA:10,0,0,0
BRDA:10,0,1,0
BRDA:15,1,0,0
BRDA:15,1,1,0
BRDA:15,1,2,0
BRDA:18,2,0,0
BRDA:18,2,1,0
BRDA:21,3,0,0
BRDA:21,3,1,0
BRDA:22,4,0,0
BRDA:22,4,1,0
BRDA:28,5,0,0
BRDA:28,5,1,0
BRDA:36,6,0,0
BRDA:36,6,1,0
BRDA:39,7,0,0
BRDA:39,7,1,0
BRDA:49,8,0,0
BRDA:49,8,1,0
BRDA:81,9,0,0
BRDA:81,9,1,0
BRDA:85,10,0,0
BRDA:85,10,1,0
BRF:23
BRH:0
end_of_record
TN:
SF:src/components/KeywordChip.tsx
FN:10,KeywordChip
FN:23,(anonymous_1)
FNF:2
FNH:0
FNDA:0,KeywordChip
FNDA:0,(anonymous_1)
DA:1,0
DA:2,0
DA:11,0
DA:23,0
DA:33,0
LF:5
LH:0
BRF:0
BRH:0
end_of_record
TN:
SF:src/components/KeywordInput.tsx
FN:16,KeywordInput
FN:29,(anonymous_1)
FNF:2
FNH:0
FNDA:0,KeywordInput
FNDA:0,(anonymous_1)
DA:2,0
DA:3,0
DA:4,0
DA:25,0
DA:26,0
DA:29,0
DA:30,0
DA:31,0
DA:32,0
DA:38,0
DA:88,0
LF:11
LH:0
BRDA:18,0,0,0
BRDA:30,1,0,0
BRDA:30,1,1,0
BRDA:41,2,0,0
BRDA:41,2,1,0
BRF:5
BRH:0
end_of_record
TN:
SF:src/components/MainContent.tsx
FN:7,MainContent
FNF:1
FNH:0
FNDA:0,MainContent
DA:8,0
DA:17,0
LF:2
LH:0
BRF:0
BRH:0
end_of_record
TN:
SF:src/components/PageHeroCard.tsx
FN:14,PageHeroCard
FNF:1
FNH:0
FNDA:0,PageHeroCard
DA:2,0
DA:3,0
DA:4,0
DA:15,0
DA:50,0
LF:5
LH:0
BRDA:27,0,0,0
BRDA:27,0,1,0
BRDA:34,1,0,0
BRDA:34,1,1,0
BRDA:41,2,0,0
BRDA:41,2,1,0
BRF:6
BRH:0
end_of_record
TN:
SF:src/components/PageTitle.tsx
FN:9,PageTitle
FNF:1
FNH:0
FNDA:0,PageTitle
DA:1,0
DA:2,0
DA:10,0
DA:19,0
LF:4
LH:0
BRF:0
BRH:0
end_of_record
TN:
SF:src/components/PhotoAnalysisCard.tsx
FN:21,(anonymous_0)
FN:23,(anonymous_1)
FN:40,(anonymous_2)
FN:84,(anonymous_3)
FNF:4
FNH:0
FNDA:0,(anonymous_0)
FNDA:0,(anonymous_1)
FNDA:0,(anonymous_2)
FNDA:0,(anonymous_3)
DA:1,0
DA:2,0
DA:3,0
DA:4,0
DA:5,0
DA:12,0
DA:21,0
DA:22,0
DA:24,0
DA:35,0
DA:39,0
DA:40,0
DA:44,0
DA:85,0
DA:86,0
DA:112,0
LF:16
LH:0
BRDA:35,0,0,0
BRDA:35,0,1,0
BRDA:60,1,0,0
BRDA:60,1,1,0
BRDA:82,2,0,0
BRDA:82,2,1,0
BRDA:88,3,0,0
BRDA:88,3,1,0
BRDA:88,4,0,0
BRDA:88,4,1,0
BRDA:95,5,0,0
BRDA:95,5,1,0
BRDA:103,6,0,0
BRDA:103,6,1,0
BRF:14
BRH:0
end_of_record
TN:
SF:src/components/PhotosSection.tsx
FN:18,(anonymous_0)
FN:33,(anonymous_1)
FN:40,(anonymous_2)
FN:68,(anonymous_3)
FNF:4
FNH:0
FNDA:0,(anonymous_0)
FNDA:0,(anonymous_1)
FNDA:0,(anonymous_2)
FNDA:0,(anonymous_3)
DA:1,0
DA:2,0
DA:3,0
DA:4,0
DA:18,0
DA:24,0
DA:33,0
DA:40,0
DA:69,0
LF:9
LH:0
BRDA:31,0,0,0
BRDA:31,0,1,0
BRDA:38,1,0,0
BRDA:38,1,1,0
BRDA:47,2,0,0
BRDA:47,2,1,0
BRDA:53,3,0,0
BRDA:53,3,1,0
BRDA:53,4,0,0
BRDA:53,4,1,0
BRDA:56,5,0,0
BRDA:56,5,1,0
BRDA:59,6,0,0
BRDA:59,6,1,0
BRDA:66,7,0,0
BRDA:66,7,1,0
BRF:16
BRH:0
end_of_record
TN:
SF:src/components/SearchInput.tsx
FN:27,SearchInput
FN:37,(anonymous_1)
FN:43,(anonymous_2)
FNF:3
FNH:0
FNDA:0,SearchInput
FNDA:0,(anonymous_1)
FNDA:0,(anonymous_2)
DA:1,0
DA:3,0
DA:27,0
DA:36,0
DA:38,0
DA:43,0
DA:44,0
DA:47,0
DA:48,0
DA:50,0
DA:57,0
DA:61,0
DA:62,0
DA:64,0
DA:72,0
DA:79,0
DA:84,0
DA:108,0
LF:18
LH:0
BRDA:30,0,0,0
BRDA:33,1,0,0
BRDA:52,2,0,0
BRDA:52,2,1,0
BRDA:57,3,0,0
BRDA:57,3,1,0
BRDA:61,4,0,0
BRDA:61,4,1,0
BRDA:61,5,0,0
BRDA:61,5,1,0
BRDA:62,6,0,0
BRDA:62,6,1,0
BRDA:68,7,0,0
BRDA:68,7,1,0
BRDA:74,8,0,0
BRDA:74,8,1,0
BRDA:81,9,0,0
BRDA:81,9,1,0
BRDA:86,10,0,0
BRDA:86,10,1,0
BRDA:94,11,0,0
BRDA:94,11,1,0
BRF:22
BRH:0
end_of_record
TN:
SF:src/components/SectionCard.tsx
FN:17,SectionCard
FNF:1
FNH:0
FNDA:0,SectionCard
DA:2,0
DA:3,0
DA:28,0
DA:54,0
LF:4
LH:0
BRDA:30,0,0,0
BRDA:30,0,1,0
BRDA:34,1,0,0
BRDA:34,1,1,0
BRDA:35,2,0,0
BRDA:35,2,1,0
BRDA:39,3,0,0
BRDA:39,3,1,0
BRF:8
BRH:0
end_of_record
TN:
SF:src/components/Sidebar.tsx
FN:28,(anonymous_0)
FN:43,(anonymous_1)
FN:60,(anonymous_2)
FN:75,(anonymous_3)
FN:89,(anonymous_4)
FN:104,(anonymous_5)
FN:119,(anonymous_6)
FN:134,(anonymous_7)
FN:149,(anonymous_8)
FN:163,Sidebar
FN:165,(anonymous_10)
FN:167,(anonymous_11)
FN:168,(anonymous_12)
FN:169,(anonymous_13)
FN:170,(anonymous_14)
FN:172,(anonymous_15)
FN:173,(anonymous_16)
FN:225,(anonymous_17)
FN:242,(anonymous_18)
FN:274,(anonymous_19)
FN:278,(anonymous_20)
FN:339,(anonymous_21)
FN:343,(anonymous_22)
FNF:23
FNH:0
FNDA:0,(anonymous_0)
FNDA:0,(anonymous_1)
FNDA:0,(anonymous_2)
FNDA:0,(anonymous_3)
FNDA:0,(anonymous_4)
FNDA:0,(anonymous_5)
FNDA:0,(anonymous_6)
FNDA:0,(anonymous_7)
FNDA:0,(anonymous_8)
FNDA:0,Sidebar
FNDA:0,(anonymous_10)
FNDA:0,(anonymous_11)
FNDA:0,(anonymous_12)
FNDA:0,(anonymous_13)
FNDA:0,(anonymous_14)
FNDA:0,(anonymous_15)
FNDA:0,(anonymous_16)
FNDA:0,(anonymous_17)
FNDA:0,(anonymous_18)
FNDA:0,(anonymous_19)
FNDA:0,(anonymous_20)
FNDA:0,(anonymous_21)
FNDA:0,(anonymous_22)
DA:2,0
DA:3,0
DA:4,0
DA:5,0
DA:6,0
DA:13,0
DA:26,0
DA:28,0
DA:29,0
DA:43,0
DA:44,0
DA:60,0
DA:61,0
DA:75,0
DA:76,0
DA:89,0
DA:90,0
DA:104,0
DA:105,0
DA:119,0
DA:120,0
DA:134,0
DA:135,0
DA:149,0
DA:150,0
DA:163,0
DA:164,0
DA:165,0
DA:167,0
DA:168,0
DA:169,0
DA:170,0
DA:172,0
DA:173,0
DA:175,0
DA:186,0
DA:190,0
DA:225,0
DA:242,0
DA:275,0
DA:279,0
DA:340,0
DA:344,0
DA:385,0
LF:44
LH:0
BRDA:151,0,0,0
BRDA:151,0,1,0
BRDA:163,1,0,0
BRDA:173,2,0,0
BRDA:173,2,1,0
BRDA:198,3,0,0
BRDA:198,3,1,0
BRDA:200,4,0,0
BRDA:200,4,1,0
BRDA:208,5,0,0
BRDA:208,5,1,0
BRDA:214,6,0,0
BRDA:214,6,1,0
BRDA:220,7,0,0
BRDA:220,7,1,0
BRDA:222,8,0,0
BRDA:222,8,1,0
BRDA:223,9,0,0
BRDA:223,9,1,0
BRDA:228,10,0,0
BRDA:228,10,1,0
BRDA:239,11,0,0
BRDA:239,11,1,0
BRDA:245,12,0,0
BRDA:245,12,1,0
BRDA:263,13,0,0
BRDA:263,13,1,0
BRDA:267,14,0,0
BRDA:267,14,1,0
BRDA:281,15,0,0
BRDA:281,15,1,0
BRDA:282,16,0,0
BRDA:282,16,1,0
BRDA:285,17,0,0
BRDA:285,17,1,0
BRDA:286,18,0,0
BRDA:286,18,1,0
BRDA:289,19,0,0
BRDA:289,19,1,0
BRDA:295,20,0,0
BRDA:295,20,1,0
BRDA:299,21,0,0
BRDA:299,21,1,0
BRDA:301,22,0,0
BRDA:301,22,1,0
BRDA:308,23,0,0
BRDA:308,23,1,0
BRDA:310,24,0,0
BRDA:310,24,1,0
BRDA:310,24,2,0
BRDA:314,25,0,0
BRDA:314,25,1,0
BRDA:328,26,0,0
BRDA:328,26,1,0
BRDA:332,27,0,0
BRDA:332,27,1,0
BRDA:346,28,0,0
BRDA:346,28,1,0
BRDA:347,29,0,0
BRDA:347,29,1,0
BRDA:350,30,0,0
BRDA:350,30,1,0
BRDA:351,31,0,0
BRDA:351,31,1,0
BRDA:354,32,0,0
BRDA:354,32,1,0
BRDA:360,33,0,0
BRDA:360,33,1,0
BRDA:364,34,0,0
BRDA:364,34,1,0
BRDA:371,35,0,0
BRDA:371,35,1,0
BRF:72
BRH:0
end_of_record
TN:
SF:src/components/SuspicionLevelBadge.tsx
FN:18,SuspicionLevelBadge
FNF:1
FNH:0
FNDA:0,SuspicionLevelBadge
DA:1,0
DA:11,0
DA:18,0
DA:19,0
DA:21,0
LF:5
LH:0
BRF:0
BRH:0
end_of_record
TN:
SF:src/components/TaskDetails.tsx
FN:14,(anonymous_7)
FN:16,(anonymous_8)
FN:58,TaskDetails
FN:61,(anonymous_10)
FN:62,(anonymous_11)
FN:63,(anonymous_12)
FN:72,(anonymous_13)
FN:72,(anonymous_14)
FN:88,(anonymous_15)
FN:88,(anonymous_16)
FN:104,(anonymous_17)
FN:132,(anonymous_18)
FN:168,(anonymous_19)
FN:178,(anonymous_20)
FN:185,(anonymous_21)
FN:255,(anonymous_22)
FN:260,(anonymous_23)
FN:382,(anonymous_24)
FN:541,(anonymous_25)
FNF:19
FNH:0
FNDA:0,(anonymous_7)
FNDA:0,(anonymous_8)
FNDA:0,TaskDetails
FNDA:0,(anonymous_10)
FNDA:0,(anonymous_11)
FNDA:0,(anonymous_12)
FNDA:0,(anonymous_13)
FNDA:0,(anonymous_14)
FNDA:0,(anonymous_15)
FNDA:0,(anonymous_16)
FNDA:0,(anonymous_17)
FNDA:0,(anonymous_18)
FNDA:0,(anonymous_19)
FNDA:0,(anonymous_20)
FNDA:0,(anonymous_21)
FNDA:0,(anonymous_22)
FNDA:0,(anonymous_23)
FNDA:0,(anonymous_24)
FNDA:0,(anonymous_25)
DA:1,0
DA:3,0
DA:4,0
DA:5,0
DA:6,0
DA:7,0
DA:14,0
DA:16,0
DA:17,0
DA:18,0
DA:19,0
DA:22,0
DA:23,0
DA:24,0
DA:26,0
DA:27,0
DA:28,0
DA:29,0
DA:34,0
DA:40,0
DA:42,0
DA:50,0
DA:61,0
DA:62,0
DA:63,0
DA:64,0
DA:65,0
DA:67,0
DA:69,0
DA:70,0
DA:72,0
DA:73,0
DA:74,0
DA:77,0
DA:78,0
DA:79,0
DA:80,0
DA:81,0
DA:84,0
DA:88,0
DA:89,0
DA:90,0
DA:93,0
DA:94,0
DA:95,0
DA:96,0
DA:97,0
DA:100,0
DA:104,0
DA:105,0
DA:106,0
DA:109,0
DA:111,0
DA:112,0
DA:115,0
DA:116,0
DA:117,0
DA:120,0
DA:123,0
DA:124,0
DA:125,0
DA:126,0
DA:128,0
DA:129,0
DA:130,0
DA:132,0
DA:133,0
DA:134,0
DA:143,0
DA:148,0
DA:149,0
DA:150,0
DA:151,0
DA:155,0
DA:156,0
DA:161,0
DA:164,0
DA:168,0
DA:169,0
DA:170,0
DA:171,0
DA:175,0
DA:178,0
DA:179,0
DA:180,0
DA:182,0
DA:185,0
DA:189,0
DA:193,0
DA:199,0
DA:205,0
DA:211,0
DA:217,0
DA:223,0
DA:224,0
DA:230,0
DA:236,0
DA:243,0
DA:246,0
DA:255,0
DA:256,0
DA:260,0
DA:268,0
DA:269,0
DA:271,0
DA:287,0
DA:288,0
DA:289,0
DA:291,0
DA:293,0
DA:294,0
DA:295,0
DA:296,0
DA:297,0
DA:298,0
DA:301,0
DA:304,0
DA:305,0
DA:306,0
DA:309,0
DA:310,0
DA:311,0
DA:314,0
DA:315,0
DA:317,0
DA:318,0
DA:321,0
DA:322,0
DA:323,0
DA:325,0
DA:326,0
DA:327,0
DA:328,0
DA:329,0
DA:330,0
DA:331,0
DA:333,0
DA:334,0
DA:335,0
DA:338,0
DA:339,0
DA:340,0
DA:341,0
DA:344,0
DA:345,0
DA:348,0
DA:351,0
DA:352,0
DA:355,0
DA:362,0
DA:367,0
DA:369,0
DA:372,0
DA:375,0
DA:382,0
DA:542,0
DA:564,0
LF:157
LH:0
BRDA:18,0,0,0
BRDA:18,0,1,0
BRDA:23,1,0,0
BRDA:23,1,1,0
BRDA:23,2,0,0
BRDA:23,2,1,0
BRDA:26,3,0,0
BRDA:26,3,1,0
BRDA:26,4,0,0
BRDA:26,4,1,0
BRDA:28,5,0,0
BRDA:28,5,1,0
BRDA:67,6,0,0
BRDA:67,6,1,0
BRDA:73,7,0,0
BRDA:73,7,1,0
BRDA:73,8,0,0
BRDA:73,8,1,0
BRDA:80,9,0,0
BRDA:80,9,1,0
BRDA:89,10,0,0
BRDA:89,10,1,0
BRDA:96,11,0,0
BRDA:96,11,1,0
BRDA:105,12,0,0
BRDA:105,12,1,0
BRDA:109,13,0,0
BRDA:109,13,1,0
BRDA:111,14,0,0
BRDA:111,14,1,0
BRDA:115,15,0,0
BRDA:115,15,1,0
BRDA:116,16,0,0
BRDA:116,16,1,0
BRDA:117,17,0,0
BRDA:117,17,1,0
BRDA:128,18,0,0
BRDA:128,18,1,0
BRDA:128,19,0,0
BRDA:128,19,1,0
BRDA:128,20,0,0
BRDA:128,20,1,0
BRDA:129,21,0,0
BRDA:129,21,1,0
BRDA:129,22,0,0
BRDA:129,22,1,0
BRDA:129,23,0,0
BRDA:129,23,1,0
BRDA:130,24,0,0
BRDA:130,24,1,0
BRDA:130,25,0,0
BRDA:130,25,1,0
BRDA:130,26,0,0
BRDA:130,26,1,0
BRDA:133,27,0,0
BRDA:133,27,1,0
BRDA:133,28,0,0
BRDA:133,28,1,0
BRDA:144,29,0,0
BRDA:144,29,1,0
BRDA:148,30,0,0
BRDA:148,30,1,0
BRDA:156,31,0,0
BRDA:156,31,1,0
BRDA:158,32,0,0
BRDA:158,32,1,0
BRDA:161,33,0,0
BRDA:161,33,1,0
BRDA:164,34,0,0
BRDA:164,34,1,0
BRDA:170,35,0,0
BRDA:170,35,1,0
BRDA:170,36,0,0
BRDA:170,36,1,0
BRDA:179,37,0,0
BRDA:179,37,1,0
BRDA:189,38,0,0
BRDA:189,38,1,0
BRDA:189,39,0,0
BRDA:189,39,1,0
BRDA:194,40,0,0
BRDA:194,40,1,0
BRDA:194,41,0,0
BRDA:194,41,1,0
BRDA:195,42,0,0
BRDA:195,42,1,0
BRDA:196,43,0,0
BRDA:196,43,1,0
BRDA:200,44,0,0
BRDA:200,44,1,0
BRDA:200,45,0,0
BRDA:200,45,1,0
BRDA:201,46,0,0
BRDA:201,46,1,0
BRDA:202,47,0,0
BRDA:202,47,1,0
BRDA:206,48,0,0
BRDA:206,48,1,0
BRDA:206,49,0,0
BRDA:206,49,1,0
BRDA:207,50,0,0
BRDA:207,50,1,0
BRDA:208,51,0,0
BRDA:208,51,1,0
BRDA:212,52,0,0
BRDA:212,52,1,0
BRDA:212,53,0,0
BRDA:212,53,1,0
BRDA:213,54,0,0
BRDA:213,54,1,0
BRDA:214,55,0,0
BRDA:214,55,1,0
BRDA:218,56,0,0
BRDA:218,56,1,0
BRDA:218,57,0,0
BRDA:218,57,1,0
BRDA:219,58,0,0
BRDA:219,58,1,0
BRDA:220,59,0,0
BRDA:220,59,1,0
BRDA:223,60,0,0
BRDA:223,60,1,0
BRDA:223,61,0,0
BRDA:223,61,1,0
BRDA:223,62,0,0
BRDA:223,62,1,0
BRDA:223,63,0,0
BRDA:223,63,1,0
BRDA:224,64,0,0
BRDA:224,64,1,0
BRDA:224,65,0,0
BRDA:224,65,1,0
BRDA:225,66,0,0
BRDA:225,66,1,0
BRDA:225,67,0,0
BRDA:225,67,1,0
BRDA:230,68,0,0
BRDA:230,68,1,0
BRDA:230,69,0,0
BRDA:230,69,1,0
BRDA:231,70,0,0
BRDA:231,70,1,0
BRDA:231,71,0,0
BRDA:231,71,1,0
BRDA:231,71,2,0
BRDA:236,72,0,0
BRDA:236,72,1,0
BRDA:237,73,0,0
BRDA:237,73,1,0
BRDA:237,73,2,0
BRDA:237,73,3,0
BRDA:237,73,4,0
BRDA:237,73,5,0
BRDA:237,73,6,0
BRDA:237,73,7,0
BRDA:237,73,8,0
BRDA:237,73,9,0
BRDA:247,74,0,0
BRDA:247,74,1,0
BRDA:248,75,0,0
BRDA:248,75,1,0
BRDA:249,76,0,0
BRDA:249,76,1,0
BRDA:250,77,0,0
BRDA:250,77,1,0
BRDA:251,78,0,0
BRDA:251,78,1,0
BRDA:256,79,0,0
BRDA:256,79,1,0
BRDA:256,80,0,0
BRDA:256,80,1,0
BRDA:266,81,0,0
BRDA:268,82,0,0
BRDA:268,82,1,0
BRDA:274,83,0,0
BRDA:274,83,1,0
BRDA:275,84,0,0
BRDA:275,84,1,0
BRDA:287,85,0,0
BRDA:287,85,1,0
BRDA:288,86,0,0
BRDA:288,86,1,0
BRDA:289,87,0,0
BRDA:289,87,1,0
BRDA:293,88,0,0
BRDA:293,88,1,0
BRDA:293,89,0,0
BRDA:293,89,1,0
BRDA:295,90,0,0
BRDA:295,90,1,0
BRDA:297,91,0,0
BRDA:297,91,1,0
BRDA:304,92,0,0
BRDA:304,92,1,0
BRDA:305,93,0,0
BRDA:305,93,1,0
BRDA:305,94,0,0
BRDA:305,94,1,0
BRDA:309,95,0,0
BRDA:309,95,1,0
BRDA:314,96,0,0
BRDA:314,96,1,0
BRDA:314,97,0,0
BRDA:314,97,1,0
BRDA:317,98,0,0
BRDA:317,98,1,0
BRDA:322,99,0,0
BRDA:322,99,1,0
BRDA:322,100,0,0
BRDA:322,100,1,0
BRDA:322,101,0,0
BRDA:322,101,1,0
BRDA:325,102,0,0
BRDA:325,102,1,0
BRDA:325,103,0,0
BRDA:325,103,1,0
BRDA:326,104,0,0
BRDA:326,104,1,0
BRDA:328,105,0,0
BRDA:328,105,1,0
BRDA:330,106,0,0
BRDA:330,106,1,0
BRDA:333,107,0,0
BRDA:333,107,1,0
BRDA:338,108,0,0
BRDA:338,108,1,0
BRDA:338,109,0,0
BRDA:338,109,1,0
BRDA:340,110,0,0
BRDA:340,110,1,0
BRDA:344,111,0,0
BRDA:344,111,1,0
BRDA:345,112,0,0
BRDA:345,112,1,0
BRDA:351,113,0,0
BRDA:351,113,1,0
BRDA:351,114,0,0
BRDA:351,114,1,0
BRDA:355,115,0,0
BRDA:355,115,1,0
BRDA:357,116,0,0
BRDA:357,116,1,0
BRDA:357,117,0,0
BRDA:357,117,1,0
BRDA:363,118,0,0
BRDA:363,118,1,0
BRDA:367,119,0,0
BRDA:367,119,1,0
BRDA:367,119,2,0
BRDA:369,120,0,0
BRDA:369,120,1,0
BRDA:369,121,0,0
BRDA:369,121,1,0
BRDA:389,122,0,0
BRDA:389,122,1,0
BRDA:391,123,0,0
BRDA:391,123,1,0
BRDA:394,124,0,0
BRDA:394,124,1,0
BRDA:402,125,0,0
BRDA:402,125,1,0
BRDA:417,126,0,0
BRDA:417,126,1,0
BRDA:429,127,0,0
BRDA:429,127,1,0
BRDA:439,128,0,0
BRDA:439,128,1,0
BRDA:445,129,0,0
BRDA:445,129,1,0
BRDA:445,129,2,0
BRDA:455,130,0,0
BRDA:455,130,1,0
BRDA:466,131,0,0
BRDA:466,131,1,0
BRDA:467,132,0,0
BRDA:467,132,1,0
BRDA:467,133,0,0
BRDA:467,133,1,0
BRDA:471,134,0,0
BRDA:471,134,1,0
BRDA:477,135,0,0
BRDA:477,135,1,0
BRDA:483,136,0,0
BRDA:483,136,1,0
BRDA:489,137,0,0
BRDA:489,137,1,0
BRDA:495,138,0,0
BRDA:495,138,1,0
BRDA:501,139,0,0
BRDA:501,139,1,0
BRDA:507,140,0,0
BRDA:507,140,1,0
BRDA:513,141,0,0
BRDA:513,141,1,0
BRDA:534,142,0,0
BRDA:534,142,1,0
BRF:296
BRH:0
end_of_record
TN:
SF:src/components/ThemeToggle.tsx
FN:3,ThemeToggle
FN:4,(anonymous_1)
FN:5,(anonymous_2)
FNF:3
FNH:0
FNDA:0,ThemeToggle
FNDA:0,(anonymous_1)
FNDA:0,(anonymous_2)
DA:1,0
DA:4,0
DA:5,0
DA:7,0
DA:19,0
LF:5
LH:0
BRDA:12,0,0,0
BRDA:12,0,1,0
BRDA:14,1,0,0
BRDA:14,1,1,0
BRF:4
BRH:0
end_of_record
TN:
SF:src/components/error-boundaries/WatchlistHeroErrorBoundary.tsx
FN:8,(anonymous_0)
FN:13,(anonymous_1)
FN:17,(anonymous_2)
FN:21,(anonymous_3)
FNF:4
FNH:0
FNDA:0,(anonymous_0)
FNDA:0,(anonymous_1)
FNDA:0,(anonymous_2)
FNDA:0,(anonymous_3)
DA:1,0
DA:9,0
DA:10,0
DA:14,0
DA:18,0
DA:22,0
DA:23,0
DA:33,0
DA:37,0
LF:9
LH:0
BRDA:22,0,0,0
BRDA:22,0,1,0
BRF:2
BRH:0
end_of_record
TN:
SF:src/components/ui/avatar.tsx
FN:9,(anonymous_1)
FN:24,(anonymous_2)
FN:36,(anonymous_3)
FNF:3
FNH:0
FNDA:0,(anonymous_1)
FNDA:0,(anonymous_2)
FNDA:0,(anonymous_3)
DA:1,0
DA:2,0
DA:4,0
DA:6,0
DA:9,0
DA:19,0
DA:21,0
DA:24,0
DA:31,0
DA:33,0
DA:36,0
DA:46,0
DA:48,0
LF:13
LH:0
BRF:0
BRH:0
end_of_record
TN:
SF:src/components/ui/badge-variants.ts
FNF:0
FNH:0
DA:1,0
DA:3,0
LF:2
LH:0
BRF:0
BRH:0
end_of_record
TN:
SF:src/components/ui/badge.tsx
FN:11,Badge
FNF:1
FNH:0
FNDA:0,Badge
DA:4,0
DA:5,0
DA:11,0
DA:12,0
DA:17,0
LF:5
LH:0
BRF:0
BRH:0
end_of_record
TN:
SF:src/components/ui/button-group-variants.ts
FNF:0
FNH:0
DA:1,0
DA:3,0
LF:2
LH:0
BRF:0
BRH:0
end_of_record
TN:
SF:src/components/ui/button-group.tsx
FN:8,ButtonGroup
FN:24,ButtonGroupText
FN:44,ButtonGroupSeparator
FNF:3
FNH:0
FNDA:0,ButtonGroup
FNDA:0,ButtonGroupText
FNDA:0,ButtonGroupSeparator
DA:1,0
DA:4,0
DA:5,0
DA:6,0
DA:10,0
DA:11,0
DA:13,0
DA:26,0
DA:27,0
DA:31,0
DA:33,0
DA:46,0
DA:47,0
DA:49,0
DA:63,0
DA:64,0
DA:65,0
LF:17
LH:0
BRDA:26,0,0,0
BRDA:31,1,0,0
BRDA:31,1,1,0
BRDA:46,2,0,0
BRF:4
BRH:0
end_of_record
TN:
SF:src/components/ui/button-variants.ts
FNF:0
FNH:0
DA:1,0
DA:3,0
LF:2
LH:0
BRF:0
BRH:0
end_of_record
TN:
SF:src/components/ui/button.tsx
FN:8,Button
FNF:1
FNH:0
FNDA:0,Button
DA:2,0
DA:5,0
DA:6,0
DA:12,0
DA:13,0
DA:18,0
DA:20,0
DA:29,0
LF:8
LH:0
BRDA:12,0,0,0
BRDA:18,1,0,0
BRDA:18,1,1,0
BRF:3
BRH:0
end_of_record
TN:
SF:src/components/ui/card.tsx
FN:8,(anonymous_1)
FN:23,(anonymous_2)
FN:35,(anonymous_3)
FN:47,(anonymous_4)
FN:59,(anonymous_5)
FN:67,(anonymous_6)
FNF:6
FNH:0
FNDA:0,(anonymous_1)
FNDA:0,(anonymous_2)
FNDA:0,(anonymous_3)
FNDA:0,(anonymous_4)
FNDA:0,(anonymous_5)
FNDA:0,(anonymous_6)
DA:1,0
DA:3,0
DA:5,0
DA:8,0
DA:18,0
DA:20,0
DA:23,0
DA:30,0
DA:32,0
DA:35,0
DA:42,0
DA:44,0
DA:47,0
DA:54,0
DA:56,0
DA:59,0
DA:62,0
DA:64,0
DA:67,0
DA:74,0
DA:76,0
LF:21
LH:0
BRF:0
BRH:0
end_of_record
TN:
SF:src/components/ui/collapsible.tsx
FNF:0
FNH:0
DA:1,0
DA:3,0
DA:5,0
DA:7,0
DA:9,0
LF:5
LH:0
BRF:0
BRH:0
end_of_record
TN:
SF:src/components/ui/dropdown-menu.tsx
FN:24,(anonymous_1)
FN:44,(anonymous_2)
FN:60,(anonymous_3)
FN:81,(anonymous_4)
FN:97,(anonymous_5)
FN:121,(anonymous_6)
FN:145,(anonymous_7)
FN:161,(anonymous_8)
FN:170,(anonymous_9)
FNF:9
FNH:0
FNDA:0,(anonymous_1)
FNDA:0,(anonymous_2)
FNDA:0,(anonymous_3)
FNDA:0,(anonymous_4)
FNDA:0,(anonymous_5)
FNDA:0,(anonymous_6)
FNDA:0,(anonymous_7)
FNDA:0,(anonymous_8)
FNDA:0,(anonymous_9)
DA:1,0
DA:2,0
DA:3,0
DA:5,0
DA:7,0
DA:9,0
DA:11,0
DA:13,0
DA:15,0
DA:17,0
DA:19,0
DA:24,0
DA:38,0
DA:41,0
DA:44,0
DA:54,0
DA:57,0
DA:60,0
DA:74,0
DA:76,0
DA:81,0
DA:92,0
DA:94,0
DA:97,0
DA:115,0
DA:118,0
DA:121,0
DA:138,0
DA:140,0
DA:145,0
DA:156,0
DA:158,0
DA:161,0
DA:168,0
DA:170,0
DA:171,0
DA:172,0
DA:174,0
DA:181,0
DA:184,0
DA:185,0
DA:186,0
DA:187,0
DA:188,0
DA:189,0
DA:190,0
DA:191,0
DA:192,0
DA:193,0
DA:194,0
DA:195,0
DA:196,0
DA:197,0
DA:198,0
LF:54
LH:0
BRDA:29,0,0,0
BRDA:29,0,1,0
BRDA:60,1,0,0
BRDA:86,2,0,0
BRDA:86,2,1,0
BRDA:150,3,0,0
BRDA:150,3,1,0
BRF:7
BRH:0
end_of_record
TN:
SF:src/components/ui/empty.tsx
FN:5,Empty
FN:18,EmptyHeader
FN:46,EmptyMedia
FN:61,EmptyTitle
FN:71,EmptyDescription
FN:84,EmptyContent
FNF:6
FNH:0
FNDA:0,Empty
FNDA:0,EmptyHeader
FNDA:0,EmptyMedia
FNDA:0,EmptyTitle
FNDA:0,EmptyDescription
FNDA:0,EmptyContent
DA:1,0
DA:3,0
DA:5,0
DA:6,0
DA:18,0
DA:19,0
DA:31,0
DA:48,0
DA:49,0
DA:51,0
DA:61,0
DA:62,0
DA:71,0
DA:72,0
DA:84,0
DA:85,0
DA:98,0
DA:99,0
DA:100,0
DA:101,0
DA:102,0
DA:103,0
LF:22
LH:0
BRDA:48,0,0,0
BRF:1
BRH:0
end_of_record
TN:
SF:src/components/ui/input.tsx
FN:5,Input
FNF:1
FNH:0
FNDA:0,Input
DA:3,0
DA:5,0
DA:6,0
DA:21,0
LF:4
LH:0
BRF:0
BRH:0
end_of_record
TN:
SF:src/components/ui/label.tsx
FN:15,(anonymous_1)
FNF:1
FNH:0
FNDA:0,(anonymous_1)
DA:1,0
DA:2,0
DA:3,0
DA:5,0
DA:7,0
DA:11,0
DA:15,0
DA:22,0
DA:24,0
LF:9
LH:0
BRF:0
BRH:0
end_of_record
TN:
SF:src/components/ui/separator.tsx
FN:6,Separator
FNF:1
FNH:0
FNDA:0,Separator
DA:2,0
DA:4,0
DA:9,0
DA:10,0
DA:12,0
DA:26,0
LF:6
LH:0
BRDA:8,0,0,0
BRDA:9,1,0,0
BRF:2
BRH:0
end_of_record
TN:
SF:src/components/ui/sheet.tsx
FN:9,Sheet
FN:13,SheetTrigger
FN:19,SheetClose
FN:25,SheetPortal
FN:31,SheetOverlay
FN:47,SheetContent
FN:84,SheetHeader
FN:94,SheetFooter
FN:104,SheetTitle
FN:117,SheetDescription
FNF:10
FNH:0
FNDA:0,Sheet
FNDA:0,SheetTrigger
FNDA:0,SheetClose
FNDA:0,SheetPortal
FNDA:0,SheetOverlay
FNDA:0,SheetContent
FNDA:0,SheetHeader
FNDA:0,SheetFooter
FNDA:0,SheetTitle
FNDA:0,SheetDescription
DA:4,0
DA:5,0
DA:7,0
DA:9,0
DA:10,0
DA:14,0
DA:16,0
DA:20,0
DA:22,0
DA:26,0
DA:28,0
DA:32,0
DA:33,0
DA:35,0
DA:50,0
DA:51,0
DA:55,0
DA:84,0
DA:85,0
DA:94,0
DA:95,0
DA:105,0
DA:106,0
DA:108,0
DA:118,0
DA:119,0
DA:121,0
DA:131,0
DA:132,0
DA:133,0
DA:134,0
DA:135,0
DA:136,0
DA:137,0
DA:138,0
LF:35
LH:0
BRDA:50,0,0,0
BRDA:62,1,0,0
BRDA:62,1,1,0
BRDA:64,2,0,0
BRDA:64,2,1,0
BRDA:66,3,0,0
BRDA:66,3,1,0
BRDA:68,4,0,0
BRDA:68,4,1,0
BRF:9
BRH:0
end_of_record
TN:
SF:src/components/ui/sidebar-constants.ts
FNF:0
FNH:0
DA:1,0
DA:2,0
DA:3,0
DA:4,0
DA:5,0
DA:6,0
LF:6
LH:0
BRF:0
BRH:0
end_of_record
TN:
SF:src/components/ui/sidebar-context.tsx
FN:15,useSidebar
FNF:1
FNH:0
FNDA:0,useSidebar
DA:1,0
DA:13,0
DA:15,0
DA:16,0
DA:18,0
DA:19,0
DA:22,0
LF:7
LH:0
BRDA:18,0,0,0
BRDA:18,0,1,0
BRF:2
BRH:0
end_of_record
TN:
SF:src/components/ui/sidebar.tsx
FN:38,(anonymous_1)
FN:58,(anonymous_2)
FN:73,(anonymous_3)
FN:75,(anonymous_4)
FN:76,(anonymous_5)
FN:80,(anonymous_6)
FN:81,(anonymous_7)
FN:92,(anonymous_8)
FN:100,(anonymous_9)
FN:148,(anonymous_10)
FN:256,(anonymous_11)
FN:266,(anonymous_12)
FN:282,(anonymous_13)
FN:311,(anonymous_14)
FN:329,(anonymous_15)
FN:347,(anonymous_16)
FN:366,(anonymous_17)
FN:381,(anonymous_18)
FN:396,(anonymous_19)
FN:414,(anonymous_20)
FN:429,(anonymous_21)
FN:450,(anonymous_22)
FN:473,(anonymous_23)
FN:486,(anonymous_24)
FN:499,(anonymous_25)
FN:539,(anonymous_26)
FN:596,(anonymous_27)
FN:624,(anonymous_28)
FN:647,(anonymous_29)
FN:649,(anonymous_30)
FN:683,(anonymous_31)
FN:700,(anonymous_32)
FN:710,(anonymous_33)
FNF:33
FNH:0
FNDA:0,(anonymous_1)
FNDA:0,(anonymous_2)
FNDA:0,(anonymous_3)
FNDA:0,(anonymous_4)
FNDA:0,(anonymous_5)
FNDA:0,(anonymous_6)
FNDA:0,(anonymous_7)
FNDA:0,(anonymous_8)
FNDA:0,(anonymous_9)
FNDA:0,(anonymous_10)
FNDA:0,(anonymous_11)
FNDA:0,(anonymous_12)
FNDA:0,(anonymous_13)
FNDA:0,(anonymous_14)
FNDA:0,(anonymous_15)
FNDA:0,(anonymous_16)
FNDA:0,(anonymous_17)
FNDA:0,(anonymous_18)
FNDA:0,(anonymous_19)
FNDA:0,(anonymous_20)
FNDA:0,(anonymous_21)
FNDA:0,(anonymous_22)
FNDA:0,(anonymous_23)
FNDA:0,(anonymous_24)
FNDA:0,(anonymous_25)
FNDA:0,(anonymous_26)
FNDA:0,(anonymous_27)
FNDA:0,(anonymous_28)
FNDA:0,(anonymous_29)
FNDA:0,(anonymous_30)
FNDA:0,(anonymous_31)
FNDA:0,(anonymous_32)
FNDA:0,(anonymous_33)
DA:3,0
DA:4,0
DA:5,0
DA:6,0
DA:8,0
DA:9,0
DA:10,0
DA:11,0
DA:12,0
DA:13,0
DA:14,0
DA:15,0
DA:22,0
DA:23,0
DA:30,0
DA:45,0
DA:46,0
DA:50,0
DA:51,0
DA:55,0
DA:56,0
DA:57,0
DA:59,0
DA:60,0
DA:61,0
DA:63,0
DA:67,0
DA:73,0
DA:74,0
DA:75,0
DA:76,0
DA:80,0
DA:81,0
DA:82,0
DA:86,0
DA:87,0
DA:91,0
DA:92,0
DA:97,0
DA:99,0
DA:100,0
DA:112,0
DA:137,0
DA:139,0
DA:155,0
DA:156,0
DA:160,0
DA:162,0
DA:163,0
DA:177,0
DA:178,0
DA:201,0
DA:251,0
DA:253,0
DA:256,0
DA:257,0
DA:259,0
DA:267,0
DA:268,0
DA:277,0
DA:279,0
DA:282,0
DA:283,0
DA:285,0
DA:306,0
DA:308,0
DA:311,0
DA:312,0
DA:324,0
DA:326,0
DA:329,0
DA:330,0
DA:342,0
DA:344,0
DA:347,0
DA:348,0
DA:361,0
DA:363,0
DA:366,0
DA:367,0
DA:376,0
DA:378,0
DA:381,0
DA:382,0
DA:391,0
DA:393,0
DA:396,0
DA:397,0
DA:409,0
DA:411,0
DA:414,0
DA:415,0
DA:424,0
DA:426,0
DA:429,0
DA:430,0
DA:432,0
DA:445,0
DA:447,0
DA:450,0
DA:451,0
DA:453,0
DA:468,0
DA:470,0
DA:473,0
DA:481,0
DA:483,0
DA:486,0
DA:494,0
DA:496,0
DA:499,0
DA:507,0
DA:509,0
DA:531,0
DA:546,0
DA:547,0
DA:551,0
DA:552,0
DA:555,0
DA:565,0
DA:566,0
DA:569,0
DA:570,0
DA:575,0
DA:588,0
DA:590,0
DA:596,0
DA:597,0
DA:599,0
DA:619,0
DA:621,0
DA:624,0
DA:640,0
DA:642,0
DA:647,0
DA:649,0
DA:650,0
DA:653,0
DA:678,0
DA:680,0
DA:683,0
DA:695,0
DA:697,0
DA:700,0
DA:701,0
DA:703,0
DA:710,0
DA:711,0
DA:713,0
DA:731,0
DA:734,0
DA:735,0
DA:736,0
DA:737,0
DA:738,0
DA:739,0
DA:740,0
DA:741,0
DA:742,0
DA:743,0
DA:744,0
DA:745,0
DA:746,0
DA:747,0
DA:748,0
DA:749,0
DA:750,0
DA:751,0
DA:752,0
DA:753,0
DA:754,0
DA:755,0
DA:756,0
LF:173
LH:0
BRDA:40,0,0,0
BRDA:56,1,0,0
BRDA:56,1,1,0
BRDA:56,2,0,0
BRDA:56,2,1,0
BRDA:59,3,0,0
BRDA:59,3,1,0
BRDA:60,4,0,0
BRDA:60,4,1,0
BRDA:74,5,0,0
BRDA:74,5,1,0
BRDA:82,6,0,0
BRDA:82,6,1,0
BRDA:83,7,0,0
BRDA:83,7,1,0
BRDA:83,7,2,0
BRDA:97,8,0,0
BRDA:97,8,1,0
BRDA:150,9,0,0
BRDA:151,10,0,0
BRDA:152,11,0,0
BRDA:153,12,0,0
BRDA:162,13,0,0
BRDA:162,13,1,0
BRDA:177,14,0,0
BRDA:177,14,1,0
BRDA:206,15,0,0
BRDA:206,15,1,0
BRDA:216,16,0,0
BRDA:216,16,1,0
BRDA:216,17,0,0
BRDA:216,17,1,0
BRDA:224,18,0,0
BRDA:224,18,1,0
BRDA:227,19,0,0
BRDA:227,19,1,0
BRDA:231,20,0,0
BRDA:231,20,1,0
BRDA:231,21,0,0
BRDA:231,21,1,0
BRDA:267,22,0,0
BRDA:267,22,1,0
BRDA:267,23,0,0
BRDA:267,23,1,0
BRDA:429,24,0,0
BRDA:430,25,0,0
BRDA:430,25,1,0
BRDA:450,26,0,0
BRDA:451,27,0,0
BRDA:451,27,1,0
BRDA:541,28,0,0
BRDA:542,29,0,0
BRDA:543,30,0,0
BRDA:544,31,0,0
BRDA:551,32,0,0
BRDA:551,32,1,0
BRDA:565,33,0,0
BRDA:565,33,1,0
BRDA:569,34,0,0
BRDA:569,34,1,0
BRDA:581,35,0,0
BRDA:581,35,1,0
BRDA:596,36,0,0
BRDA:596,37,0,0
BRDA:597,38,0,0
BRDA:597,38,1,0
BRDA:611,39,0,0
BRDA:611,39,1,0
BRDA:647,40,0,0
BRDA:660,41,0,0
BRDA:660,41,1,0
BRDA:710,42,0,0
BRDA:710,43,0,0
BRDA:711,44,0,0
BRDA:711,44,1,0
BRDA:722,45,0,0
BRDA:722,45,1,0
BRDA:723,46,0,0
BRDA:723,46,1,0
BRF:79
BRH:0
end_of_record
TN:
SF:src/components/ui/skeleton.tsx
FN:3,Skeleton
FNF:1
FNH:0
FNDA:0,Skeleton
DA:1,0
DA:3,0
DA:4,0
DA:13,0
LF:4
LH:0
BRF:0
BRH:0
end_of_record
TN:
SF:src/components/ui/spinner.tsx
FN:5,Spinner
FNF:1
FNH:0
FNDA:0,Spinner
DA:1,0
DA:3,0
DA:5,0
DA:6,0
DA:16,0
LF:5
LH:0
BRF:0
BRH:0
end_of_record
TN:
SF:src/components/ui/table-sort-button.tsx
FN:14,(anonymous_1)
FN:26,TableSortButton
FNF:2
FNH:0
FNDA:0,(anonymous_1)
FNDA:0,TableSortButton
DA:3,0
DA:6,0
DA:14,0
DA:15,0
DA:16,0
DA:19,0
DA:20,0
DA:23,0
DA:26,0
DA:29,0
DA:30,0
DA:32,0
DA:34,0
LF:13
LH:0
BRDA:15,0,0,0
BRDA:15,0,1,0
BRDA:19,1,0,0
BRDA:19,1,1,0
BRDA:47,2,0,0
BRDA:47,2,1,0
BRF:6
BRH:0
end_of_record
TN:
SF:src/components/ui/table.tsx
FN:8,(anonymous_1)
FN:22,(anonymous_2)
FN:30,(anonymous_3)
FN:42,(anonymous_4)
FN:57,(anonymous_5)
FN:72,(anonymous_6)
FN:87,(anonymous_7)
FN:102,(anonymous_8)
FNF:8
FNH:0
FNDA:0,(anonymous_1)
FNDA:0,(anonymous_2)
FNDA:0,(anonymous_3)
FNDA:0,(anonymous_4)
FNDA:0,(anonymous_5)
FNDA:0,(anonymous_6)
FNDA:0,(anonymous_7)
FNDA:0,(anonymous_8)
DA:1,0
DA:3,0
DA:5,0
DA:8,0
DA:17,0
DA:19,0
DA:22,0
DA:25,0
DA:27,0
DA:30,0
DA:37,0
DA:39,0
DA:42,0
DA:52,0
DA:54,0
DA:57,0
DA:67,0
DA:69,0
DA:72,0
DA:82,0
DA:84,0
DA:87,0
DA:97,0
DA:99,0
DA:102,0
DA:109,0
DA:112,0
DA:113,0
DA:114,0
DA:115,0
DA:116,0
DA:117,0
DA:118,0
DA:119,0
LF:34
LH:0
BRF:0
BRH:0
end_of_record
TN:
SF:src/components/ui/tooltip.tsx
FN:6,TooltipProvider
FN:19,Tooltip
FN:29,TooltipTrigger
FN:35,TooltipContent
FNF:4
FNH:0
FNDA:0,TooltipProvider
FNDA:0,Tooltip
FNDA:0,TooltipTrigger
FNDA:0,TooltipContent
DA:2,0
DA:4,0
DA:7,0
DA:8,0
DA:10,0
DA:20,0
DA:22,0
DA:30,0
DA:32,0
DA:38,0
DA:39,0
DA:41,0
DA:59,0
LF:13
LH:0
BRDA:7,0,0,0
BRDA:37,1,0,0
BRF:2
BRH:0
end_of_record
TN:
SF:src/config/commentTableColumns.tsx
FN:5,(anonymous_0)
FN:21,(anonymous_1)
FN:25,(anonymous_2)
FN:38,(anonymous_3)
FN:45,(anonymous_4)
FN:50,(anonymous_5)
FN:87,(anonymous_6)
FN:92,(anonymous_7)
FN:97,(anonymous_8)
FN:104,(anonymous_9)
FN:115,(anonymous_10)
FNF:11
FNH:0
FNDA:0,(anonymous_0)
FNDA:0,(anonymous_1)
FNDA:0,(anonymous_2)
FNDA:0,(anonymous_3)
FNDA:0,(anonymous_4)
FNDA:0,(anonymous_5)
FNDA:0,(anonymous_6)
FNDA:0,(anonymous_7)
FNDA:0,(anonymous_8)
FNDA:0,(anonymous_9)
FNDA:0,(anonymous_10)
DA:1,0
DA:2,0
DA:5,0
DA:6,0
DA:8,0
DA:9,0
DA:12,0
DA:13,0
DA:16,0
DA:17,0
DA:18,0
DA:21,0
DA:22,0
DA:25,0
DA:26,0
DA:27,0
DA:30,0
DA:31,0
DA:32,0
DA:35,0
DA:38,0
DA:41,0
DA:45,0
DA:51,0
DA:87,0
DA:92,0
DA:98,0
DA:105,0
DA:116,0
DA:117,0
DA:120,0
LF:31
LH:0
BRDA:8,0,0,0
BRDA:8,0,1,0
BRDA:12,1,0,0
BRDA:12,1,1,0
BRDA:17,2,0,0
BRDA:17,2,1,0
BRDA:18,3,0,0
BRDA:18,3,1,0
BRDA:22,4,0,0
BRDA:22,4,1,0
BRDA:22,4,2,0
BRDA:26,5,0,0
BRDA:26,5,1,0
BRDA:31,6,0,0
BRDA:31,6,1,0
BRDA:52,7,0,0
BRDA:52,7,1,0
BRDA:65,8,0,0
BRDA:65,8,1,0
BRDA:77,9,0,0
BRDA:77,9,1,0
BRDA:92,10,0,0
BRDA:92,10,1,0
BRDA:92,11,0,0
BRDA:92,11,1,0
BRDA:102,12,0,0
BRDA:102,12,1,0
BRDA:108,13,0,0
BRDA:108,13,1,0
BRDA:116,14,0,0
BRDA:116,14,1,0
BRF:31
BRH:0
end_of_record
TN:
SF:src/config/groupTableColumns.tsx
FN:11,(anonymous_0)
FN:18,(anonymous_1)
FN:26,(anonymous_2)
FN:36,(anonymous_3)
FN:44,(anonymous_4)
FN:52,(anonymous_5)
FN:53,(anonymous_6)
FN:61,(anonymous_7)
FN:62,(anonymous_8)
FN:76,(anonymous_9)
FN:77,(anonymous_10)
FN:87,(anonymous_11)
FN:88,(anonymous_12)
FN:96,(anonymous_13)
FN:97,(anonymous_14)
FN:107,(anonymous_15)
FN:109,(anonymous_16)
FN:117,(anonymous_17)
FN:121,(anonymous_18)
FN:127,(anonymous_19)
FNF:20
FNH:0
FNDA:0,(anonymous_0)
FNDA:0,(anonymous_1)
FNDA:0,(anonymous_2)
FNDA:0,(anonymous_3)
FNDA:0,(anonymous_4)
FNDA:0,(anonymous_5)
FNDA:0,(anonymous_6)
FNDA:0,(anonymous_7)
FNDA:0,(anonymous_8)
FNDA:0,(anonymous_9)
FNDA:0,(anonymous_10)
FNDA:0,(anonymous_11)
FNDA:0,(anonymous_12)
FNDA:0,(anonymous_13)
FNDA:0,(anonymous_14)
FNDA:0,(anonymous_15)
FNDA:0,(anonymous_16)
FNDA:0,(anonymous_17)
FNDA:0,(anonymous_18)
FNDA:0,(anonymous_19)
DA:1,0
DA:2,0
DA:5,0
DA:11,0
DA:18,0
DA:27,0
DA:36,0
DA:44,0
DA:52,0
DA:53,0
DA:61,0
DA:63,0
DA:64,0
DA:67,0
DA:76,0
DA:78,0
DA:87,0
DA:88,0
DA:96,0
DA:98,0
DA:108,0
DA:109,0
DA:118,0
DA:122,0
DA:127,0
LF:25
LH:0
BRDA:27,0,0,0
BRDA:27,0,1,0
BRDA:44,1,0,0
BRDA:44,1,1,0
BRDA:44,2,0,0
BRDA:44,2,1,0
BRDA:44,3,0,0
BRDA:44,3,1,0
BRDA:44,4,0,0
BRDA:44,4,1,0
BRDA:52,5,0,0
BRDA:52,5,1,0
BRDA:52,6,0,0
BRDA:52,6,1,0
BRDA:52,7,0,0
BRDA:52,7,1,0
BRDA:52,8,0,0
BRDA:52,8,1,0
BRDA:53,9,0,0
BRDA:53,9,1,0
BRDA:61,10,0,0
BRDA:61,10,1,0
BRDA:61,11,0,0
BRDA:61,11,1,0
BRDA:61,12,0,0
BRDA:61,12,1,0
BRDA:61,13,0,0
BRDA:61,13,1,0
BRDA:63,14,0,0
BRDA:63,14,1,0
BRDA:67,15,0,0
BRDA:67,15,1,0
BRDA:76,16,0,0
BRDA:76,16,1,0
BRDA:76,17,0,0
BRDA:76,17,1,0
BRDA:76,18,0,0
BRDA:76,18,1,0
BRDA:76,19,0,0
BRDA:76,19,1,0
BRDA:78,20,0,0
BRDA:78,20,1,0
BRDA:87,21,0,0
BRDA:87,21,1,0
BRDA:87,22,0,0
BRDA:87,22,1,0
BRDA:88,23,0,0
BRDA:88,23,1,0
BRDA:88,24,0,0
BRDA:88,24,1,0
BRDA:88,25,0,0
BRDA:88,25,1,0
BRDA:96,26,0,0
BRDA:96,26,1,0
BRDA:96,27,0,0
BRDA:96,27,1,0
BRDA:96,28,0,0
BRDA:96,28,1,0
BRDA:96,29,0,0
BRDA:96,29,1,0
BRDA:98,30,0,0
BRDA:98,30,1,0
BRDA:108,31,0,0
BRDA:108,31,1,0
BRDA:109,32,0,0
BRDA:109,32,1,0
BRDA:109,33,0,0
BRDA:109,33,1,0
BRDA:122,34,0,0
BRDA:122,34,1,0
BRF:70
BRH:0
end_of_record
TN:
SF:src/config/taskTableColumns.tsx
FN:10,(anonymous_0)
FN:13,(anonymous_1)
FN:24,(anonymous_2)
FN:27,(anonymous_3)
FN:37,(anonymous_4)
FN:89,(anonymous_5)
FN:95,(anonymous_6)
FN:97,(anonymous_7)
FN:102,(anonymous_8)
FN:124,(anonymous_9)
FN:218,(anonymous_10)
FN:223,(anonymous_11)
FN:225,(anonymous_12)
FN:230,(anonymous_13)
FN:232,(anonymous_14)
FN:237,(anonymous_15)
FN:239,(anonymous_16)
FN:244,(anonymous_17)
FN:252,(anonymous_18)
FN:268,(anonymous_19)
FNF:20
FNH:0
FNDA:0,(anonymous_0)
FNDA:0,(anonymous_1)
FNDA:0,(anonymous_2)
FNDA:0,(anonymous_3)
FNDA:0,(anonymous_4)
FNDA:0,(anonymous_5)
FNDA:0,(anonymous_6)
FNDA:0,(anonymous_7)
FNDA:0,(anonymous_8)
FNDA:0,(anonymous_9)
FNDA:0,(anonymous_10)
FNDA:0,(anonymous_11)
FNDA:0,(anonymous_12)
FNDA:0,(anonymous_13)
FNDA:0,(anonymous_14)
FNDA:0,(anonymous_15)
FNDA:0,(anonymous_16)
FNDA:0,(anonymous_17)
FNDA:0,(anonymous_18)
FNDA:0,(anonymous_19)
DA:1,0
DA:2,0
DA:3,0
DA:4,0
DA:5,0
DA:8,0
DA:10,0
DA:11,0
DA:13,0
DA:14,0
DA:15,0
DA:16,0
DA:17,0
DA:21,0
DA:24,0
DA:25,0
DA:27,0
DA:28,0
DA:29,0
DA:32,0
DA:34,0
DA:37,0
DA:38,0
DA:39,0
DA:41,0
DA:42,0
DA:45,0
DA:47,0
DA:48,0
DA:53,0
DA:54,0
DA:55,0
DA:58,0
DA:60,0
DA:61,0
DA:62,0
DA:63,0
DA:66,0
DA:69,0
DA:77,0
DA:85,0
DA:89,0
DA:95,0
DA:97,0
DA:103,0
DA:104,0
DA:105,0
DA:111,0
DA:112,0
DA:113,0
DA:114,0
DA:117,0
DA:118,0
DA:119,0
DA:122,0
DA:124,0
DA:125,0
DA:126,0
DA:128,0
DA:129,0
DA:130,0
DA:132,0
DA:133,0
DA:134,0
DA:136,0
DA:139,0
DA:143,0
DA:146,0
DA:147,0
DA:154,0
DA:163,0
DA:169,0
DA:218,0
DA:223,0
DA:225,0
DA:230,0
DA:232,0
DA:237,0
DA:239,0
DA:244,0
DA:253,0
DA:254,0
DA:256,0
DA:257,0
DA:258,0
DA:259,0
DA:262,0
DA:263,0
DA:268,0
LF:89
LH:0
BRDA:11,0,0,0
BRDA:11,0,1,0
BRDA:16,1,0,0
BRDA:16,1,1,0
BRDA:25,2,0,0
BRDA:25,2,1,0
BRDA:25,3,0,0
BRDA:25,3,1,0
BRDA:25,4,0,0
BRDA:25,4,1,0
BRDA:25,5,0,0
BRDA:25,5,1,0
BRDA:28,6,0,0
BRDA:28,6,1,0
BRDA:34,7,0,0
BRDA:34,7,1,0
BRDA:38,8,0,0
BRDA:38,8,1,0
BRDA:38,9,0,0
BRDA:38,9,1,0
BRDA:39,10,0,0
BRDA:39,10,1,0
BRDA:39,11,0,0
BRDA:39,11,1,0
BRDA:41,12,0,0
BRDA:41,12,1,0
BRDA:41,13,0,0
BRDA:41,13,1,0
BRDA:47,14,0,0
BRDA:47,14,1,0
BRDA:47,15,0,0
BRDA:47,15,1,0
BRDA:49,16,0,0
BRDA:49,16,1,0
BRDA:49,17,0,0
BRDA:49,17,1,0
BRDA:53,18,0,0
BRDA:53,18,1,0
BRDA:54,19,0,0
BRDA:54,19,1,0
BRDA:54,20,0,0
BRDA:54,20,1,0
BRDA:55,21,0,0
BRDA:55,21,1,0
BRDA:58,22,0,0
BRDA:58,22,1,0
BRDA:58,23,0,0
BRDA:58,23,1,0
BRDA:60,24,0,0
BRDA:60,24,1,0
BRDA:60,25,0,0
BRDA:60,25,1,0
BRDA:60,25,2,0
BRDA:61,26,0,0
BRDA:61,26,1,0
BRDA:61,27,0,0
BRDA:61,27,1,0
BRDA:95,28,0,0
BRDA:95,28,1,0
BRDA:95,29,0,0
BRDA:95,29,1,0
BRDA:97,30,0,0
BRDA:97,30,1,0
BRDA:97,31,0,0
BRDA:97,31,1,0
BRDA:97,32,0,0
BRDA:97,32,1,0
BRDA:97,33,0,0
BRDA:97,33,1,0
BRDA:104,34,0,0
BRDA:104,34,1,0
BRDA:111,35,0,0
BRDA:111,35,1,0
BRDA:114,36,0,0
BRDA:114,36,1,0
BRDA:119,37,0,0
BRDA:119,37,1,0
BRDA:122,38,0,0
BRDA:122,38,1,0
BRDA:125,39,0,0
BRDA:125,39,1,0
BRDA:128,40,0,0
BRDA:128,40,1,0
BRDA:129,41,0,0
BRDA:129,41,1,0
BRDA:132,42,0,0
BRDA:132,42,1,0
BRDA:133,43,0,0
BRDA:133,43,1,0
BRDA:133,44,0,0
BRDA:133,44,1,0
BRDA:133,45,0,0
BRDA:133,45,1,0
BRDA:134,46,0,0
BRDA:134,46,1,0
BRDA:139,47,0,0
BRDA:139,47,1,0
BRDA:139,48,0,0
BRDA:139,48,1,0
BRDA:143,49,0,0
BRDA:143,49,1,0
BRDA:147,50,0,0
BRDA:147,50,1,0
BRDA:148,51,0,0
BRDA:148,51,1,0
BRDA:154,52,0,0
BRDA:154,52,1,0
BRDA:154,52,2,0
BRDA:154,52,3,0
BRDA:154,52,4,0
BRDA:154,52,5,0
BRDA:154,52,6,0
BRDA:154,52,7,0
BRDA:163,53,0,0
BRDA:163,53,1,0
BRDA:163,54,0,0
BRDA:163,54,1,0
BRDA:165,55,0,0
BRDA:165,55,1,0
BRDA:174,56,0,0
BRDA:174,56,1,0
BRDA:174,57,0,0
BRDA:174,57,1,0
BRDA:179,58,0,0
BRDA:179,58,1,0
BRDA:189,59,0,0
BRDA:189,59,1,0
BRDA:191,60,0,0
BRDA:191,60,1,0
BRDA:192,61,0,0
BRDA:192,61,1,0
BRDA:195,62,0,0
BRDA:195,62,1,0
BRDA:196,63,0,0
BRDA:196,63,1,0
BRDA:197,64,0,0
BRDA:197,64,1,0
BRDA:198,65,0,0
BRDA:198,65,1,0
BRDA:201,66,0,0
BRDA:201,66,1,0
BRDA:204,67,0,0
BRDA:204,67,1,0
BRDA:204,67,2,0
BRDA:218,68,0,0
BRDA:218,68,1,0
BRDA:218,69,0,0
BRDA:218,69,1,0
BRDA:225,70,0,0
BRDA:225,70,1,0
BRDA:232,71,0,0
BRDA:232,71,1,0
BRDA:239,72,0,0
BRDA:239,72,1,0
BRDA:253,73,0,0
BRDA:253,73,1,0
BRDA:253,74,0,0
BRDA:253,74,1,0
BRDA:254,75,0,0
BRDA:254,75,1,0
BRDA:254,76,0,0
BRDA:254,76,1,0
BRDA:256,77,0,0
BRDA:256,77,1,0
BRDA:256,78,0,0
BRDA:256,78,1,0
BRDA:257,79,0,0
BRDA:257,79,1,0
BRDA:257,80,0,0
BRDA:257,80,1,0
BRDA:258,81,0,0
BRDA:258,81,1,0
BRDA:258,82,0,0
BRDA:258,82,1,0
BRF:174
BRH:0
end_of_record
TN:
SF:src/constants/watchlist.ts
FNF:0
FNH:0
DA:1,0
LF:1
LH:0
BRF:0
BRH:0
end_of_record
TN:
SF:src/dto/index.ts
FNF:0
FNH:0
DA:1,0
DA:2,0
LF:2
LH:0
BRF:0
BRH:0
end_of_record
TN:
SF:src/hooks/use-mobile.ts
FN:5,useIsMobile
FN:8,(anonymous_1)
FN:10,(anonymous_2)
FN:15,(anonymous_3)
FNF:4
FNH:0
FNDA:0,useIsMobile
FNDA:0,(anonymous_1)
FNDA:0,(anonymous_2)
FNDA:0,(anonymous_3)
DA:1,0
DA:3,0
DA:5,0
DA:6,0
DA:8,0
DA:9,0
DA:10,0
DA:11,0
DA:13,0
DA:14,0
DA:15,0
DA:18,0
LF:12
LH:0
BRF:0
BRH:0
end_of_record
TN:
SF:src/hooks/useAuthorData.ts
FN:15,(anonymous_0)
FN:26,(anonymous_1)
FN:29,(anonymous_2)
FN:65,(anonymous_3)
FN:75,(anonymous_4)
FN:78,(anonymous_5)
FN:82,(anonymous_6)
FN:88,(anonymous_7)
FNF:8
FNH:0
FNDA:0,(anonymous_0)
FNDA:0,(anonymous_1)
FNDA:0,(anonymous_2)
FNDA:0,(anonymous_3)
FNDA:0,(anonymous_4)
FNDA:0,(anonymous_5)
FNDA:0,(anonymous_6)
FNDA:0,(anonymous_7)
DA:1,0
DA:2,0
DA:3,0
DA:4,0
DA:5,0
DA:7,0
DA:9,0
DA:15,0
DA:16,0
DA:17,0
DA:18,0
DA:19,0
DA:20,0
DA:22,0
DA:23,0
DA:25,0
DA:26,0
DA:29,0
DA:30,0
DA:31,0
DA:34,0
DA:36,0
DA:65,0
DA:66,0
DA:67,0
DA:68,0
DA:69,0
DA:72,0
DA:73,0
DA:76,0
DA:79,0
DA:80,0
DA:83,0
DA:88,0
DA:89,0
DA:90,0
DA:93,0
DA:96,0
LF:38
LH:0
BRDA:30,0,0,0
BRDA:30,0,1,0
BRDA:30,1,0,0
BRDA:30,1,1,0
BRDA:30,2,0,0
BRDA:30,2,1,0
BRDA:30,3,0,0
BRDA:30,3,1,0
BRDA:39,4,0,0
BRDA:39,4,1,0
BRDA:39,5,0,0
BRDA:39,5,1,0
BRDA:40,6,0,0
BRDA:40,6,1,0
BRDA:40,7,0,0
BRDA:40,7,1,0
BRDA:41,8,0,0
BRDA:41,8,1,0
BRDA:41,9,0,0
BRDA:41,9,1,0
BRDA:42,10,0,0
BRDA:42,10,1,0
BRDA:42,11,0,0
BRDA:42,11,1,0
BRDA:43,12,0,0
BRDA:43,12,1,0
BRDA:43,13,0,0
BRDA:43,13,1,0
BRDA:44,14,0,0
BRDA:44,14,1,0
BRDA:44,15,0,0
BRDA:44,15,1,0
BRDA:45,16,0,0
BRDA:45,16,1,0
BRDA:45,17,0,0
BRDA:45,17,1,0
BRDA:46,18,0,0
BRDA:46,18,1,0
BRDA:46,19,0,0
BRDA:46,19,1,0
BRDA:47,20,0,0
BRDA:47,20,1,0
BRDA:47,21,0,0
BRDA:47,21,1,0
BRDA:48,22,0,0
BRDA:48,22,1,0
BRDA:48,23,0,0
BRDA:48,23,1,0
BRDA:66,24,0,0
BRDA:66,24,1,0
BRDA:89,25,0,0
BRDA:89,25,1,0
BRDA:89,26,0,0
BRDA:89,26,1,0
BRDA:89,27,0,0
BRDA:89,27,1,0
BRDA:89,28,0,0
BRDA:89,28,1,0
BRDA:94,29,0,0
BRDA:94,29,1,0
BRDA:94,30,0,0
BRDA:94,30,1,0
BRDA:94,31,0,0
BRDA:94,31,1,0
BRDA:94,32,0,0
BRDA:94,32,1,0
BRF:66
BRH:0
end_of_record
TN:
SF:src/hooks/useInfiniteListings.ts
FN:52,(anonymous_7)
FN:55,useInfiniteListings
FN:75,(anonymous_9)
FN:82,(anonymous_10)
FN:95,(anonymous_11)
FN:95,(anonymous_12)
FN:116,(anonymous_13)
FN:133,(anonymous_14)
FN:168,(anonymous_15)
FN:168,(anonymous_16)
FN:170,(anonymous_17)
FN:172,(anonymous_18)
FN:177,(anonymous_19)
FN:178,(anonymous_20)
FN:183,(anonymous_21)
FN:190,(anonymous_22)
FN:190,(anonymous_23)
FNF:17
FNH:0
FNDA:0,(anonymous_7)
FNDA:0,useInfiniteListings
FNDA:0,(anonymous_9)
FNDA:0,(anonymous_10)
FNDA:0,(anonymous_11)
FNDA:0,(anonymous_12)
FNDA:0,(anonymous_13)
FNDA:0,(anonymous_14)
FNDA:0,(anonymous_15)
FNDA:0,(anonymous_16)
FNDA:0,(anonymous_17)
FNDA:0,(anonymous_18)
FNDA:0,(anonymous_19)
FNDA:0,(anonymous_20)
FNDA:0,(anonymous_21)
FNDA:0,(anonymous_22)
FNDA:0,(anonymous_23)
DA:1,0
DA:52,0
DA:53,0
DA:55,0
DA:58,0
DA:60,0
DA:61,0
DA:62,0
DA:63,0
DA:64,0
DA:66,0
DA:67,0
DA:68,0
DA:69,0
DA:70,0
DA:71,0
DA:73,0
DA:75,0
DA:76,0
DA:77,0
DA:78,0
DA:82,0
DA:83,0
DA:84,0
DA:85,0
DA:86,0
DA:87,0
DA:88,0
DA:89,0
DA:90,0
DA:91,0
DA:92,0
DA:95,0
DA:96,0
DA:97,0
DA:100,0
DA:101,0
DA:103,0
DA:104,0
DA:107,0
DA:108,0
DA:110,0
DA:114,0
DA:115,0
DA:116,0
DA:117,0
DA:118,0
DA:121,0
DA:122,0
DA:130,0
DA:131,0
DA:133,0
DA:134,0
DA:135,0
DA:136,0
DA:137,0
DA:140,0
DA:141,0
DA:142,0
DA:144,0
DA:145,0
DA:146,0
DA:147,0
DA:150,0
DA:151,0
DA:152,0
DA:153,0
DA:154,0
DA:158,0
DA:159,0
DA:161,0
DA:163,0
DA:168,0
DA:170,0
DA:171,0
DA:172,0
DA:175,0
DA:177,0
DA:178,0
DA:183,0
DA:184,0
DA:185,0
DA:190,0
DA:192,0
LF:84
LH:0
BRDA:58,0,0,0
BRDA:58,1,0,0
BRDA:58,2,0,0
BRDA:73,3,0,0
BRDA:73,3,1,0
BRDA:76,4,0,0
BRDA:76,4,1,0
BRDA:96,5,0,0
BRDA:96,5,1,0
BRDA:96,6,0,0
BRDA:96,6,1,0
BRDA:96,6,2,0
BRDA:107,7,0,0
BRDA:107,7,1,0
BRDA:107,8,0,0
BRDA:107,8,1,0
BRDA:110,9,0,0
BRDA:110,9,1,0
BRDA:111,10,0,0
BRDA:111,10,1,0
BRDA:111,11,0,0
BRDA:111,11,1,0
BRDA:114,12,0,0
BRDA:114,12,1,0
BRDA:115,13,0,0
BRDA:115,13,1,0
BRDA:115,14,0,0
BRDA:115,14,1,0
BRDA:124,15,0,0
BRDA:124,15,1,0
BRDA:131,16,0,0
BRDA:131,16,1,0
BRDA:131,17,0,0
BRDA:131,17,1,0
BRDA:136,18,0,0
BRDA:136,18,1,0
BRDA:137,19,0,0
BRDA:137,19,1,0
BRDA:137,20,0,0
BRDA:137,20,1,0
BRDA:140,21,0,0
BRDA:140,21,1,0
BRDA:142,22,0,0
BRDA:142,22,1,0
BRDA:142,23,0,0
BRDA:142,23,1,0
BRDA:144,24,0,0
BRDA:144,24,1,0
BRDA:144,25,0,0
BRDA:144,25,1,0
BRDA:144,26,0,0
BRDA:144,26,1,0
BRDA:146,27,0,0
BRDA:146,27,1,0
BRDA:151,28,0,0
BRDA:151,28,1,0
BRDA:151,29,0,0
BRDA:151,29,1,0
BRDA:153,30,0,0
BRDA:153,30,1,0
BRDA:158,31,0,0
BRDA:158,31,1,0
BRDA:171,32,0,0
BRDA:171,32,1,0
BRF:64
BRH:0
end_of_record
TN:
SF:src/hooks/useKeyboardNavigation.ts
FN:9,(anonymous_0)
FN:17,(anonymous_1)
FNF:2
FNH:2
FNDA:9,(anonymous_0)
FNDA:9,(anonymous_1)
DA:1,1
DA:9,1
DA:14,9
DA:16,9
DA:18,9
DA:19,4
DA:20,4
DA:21,4
DA:24,4
DA:25,3
DA:26,3
DA:28,5
DA:29,2
DA:30,2
DA:31,2
DA:34,2
DA:35,2
DA:36,2
DA:38,3
DA:39,2
DA:40,2
DA:46,9
LF:22
LH:22
BRDA:18,0,0,4
BRDA:18,0,1,5
BRDA:21,1,0,0
BRDA:21,1,1,4
BRDA:21,2,0,4
BRDA:21,2,1,4
BRDA:24,3,0,3
BRDA:24,3,1,1
BRDA:25,4,0,0
BRDA:25,4,1,3
BRDA:25,5,0,3
BRDA:25,5,1,3
BRDA:28,6,0,2
BRDA:28,6,1,3
BRDA:31,7,0,0
BRDA:31,7,1,2
BRDA:31,8,0,2
BRDA:31,8,1,2
BRDA:34,9,0,2
BRDA:34,9,1,0
BRDA:35,10,0,0
BRDA:35,10,1,2
BRDA:35,11,0,2
BRDA:35,11,1,2
BRDA:38,12,0,2
BRDA:38,12,1,1
BRDA:38,13,0,3
BRDA:38,13,1,2
BRDA:40,14,0,0
BRDA:40,14,1,2
BRDA:40,15,0,2
BRDA:40,15,1,2
BRF:32
BRH:26
end_of_record
TN:
SF:src/hooks/usePhotoAnalysis.ts
FN:12,(anonymous_7)
FN:14,(anonymous_8)
FN:15,(anonymous_9)
FN:16,(anonymous_10)
FN:17,(anonymous_11)
FN:18,(anonymous_12)
FN:20,(anonymous_13)
FN:21,(anonymous_14)
FN:22,(anonymous_15)
FN:23,(anonymous_16)
FN:24,(anonymous_17)
FN:25,(anonymous_18)
FN:28,(anonymous_19)
FN:33,(anonymous_20)
FN:33,(anonymous_21)
FN:50,(anonymous_22)
FN:50,(anonymous_23)
FN:55,(anonymous_24)
FN:55,(anonymous_25)
FN:113,(anonymous_26)
FN:113,(anonymous_27)
FN:128,(anonymous_28)
FNF:22
FNH:0
FNDA:0,(anonymous_7)
FNDA:0,(anonymous_8)
FNDA:0,(anonymous_9)
FNDA:0,(anonymous_10)
FNDA:0,(anonymous_11)
FNDA:0,(anonymous_12)
FNDA:0,(anonymous_13)
FNDA:0,(anonymous_14)
FNDA:0,(anonymous_15)
FNDA:0,(anonymous_16)
FNDA:0,(anonymous_17)
FNDA:0,(anonymous_18)
FNDA:0,(anonymous_19)
FNDA:0,(anonymous_20)
FNDA:0,(anonymous_21)
FNDA:0,(anonymous_22)
FNDA:0,(anonymous_23)
FNDA:0,(anonymous_24)
FNDA:0,(anonymous_25)
FNDA:0,(anonymous_26)
FNDA:0,(anonymous_27)
FNDA:0,(anonymous_28)
DA:1,0
DA:2,0
DA:3,0
DA:5,0
DA:12,0
DA:14,0
DA:15,0
DA:16,0
DA:17,0
DA:18,0
DA:20,0
DA:21,0
DA:22,0
DA:23,0
DA:24,0
DA:25,0
DA:28,0
DA:29,0
DA:30,0
DA:33,0
DA:34,0
DA:35,0
DA:36,0
DA:38,0
DA:41,0
DA:42,0
DA:46,0
DA:50,0
DA:51,0
DA:55,0
DA:56,0
DA:57,0
DA:60,0
DA:61,0
DA:62,0
DA:63,0
DA:65,0
DA:66,0
DA:67,0
DA:69,0
DA:70,0
DA:73,0
DA:78,0
DA:84,0
DA:85,0
DA:87,0
DA:88,0
DA:89,0
DA:91,0
DA:93,0
DA:94,0
DA:95,0
DA:97,0
DA:100,0
DA:101,0
DA:105,0
DA:107,0
DA:108,0
DA:113,0
DA:114,0
DA:115,0
DA:118,0
DA:119,0
DA:120,0
DA:122,0
DA:123,0
DA:128,0
DA:129,0
DA:130,0
DA:133,0
DA:136,0
LF:71
LH:0
BRDA:29,0,0,0
BRDA:29,0,1,0
BRDA:35,1,0,0
BRDA:35,1,1,0
BRDA:41,2,0,0
BRDA:41,2,1,0
BRDA:55,3,0,0
BRDA:56,4,0,0
BRDA:56,4,1,0
BRDA:56,5,0,0
BRDA:56,5,1,0
BRDA:63,6,0,0
BRDA:63,6,1,0
BRDA:63,7,0,0
BRDA:63,7,1,0
BRDA:63,8,0,0
BRDA:63,8,1,0
BRDA:63,9,0,0
BRDA:63,9,1,0
BRDA:69,10,0,0
BRDA:69,10,1,0
BRDA:69,11,0,0
BRDA:69,11,1,0
BRDA:74,12,0,0
BRDA:74,12,1,0
BRDA:93,13,0,0
BRDA:93,13,1,0
BRDA:94,14,0,0
BRDA:94,14,1,0
BRDA:100,15,0,0
BRDA:100,15,1,0
BRDA:105,16,0,0
BRDA:105,16,1,0
BRDA:107,17,0,0
BRDA:107,17,1,0
BRDA:110,18,0,0
BRDA:110,18,1,0
BRDA:110,19,0,0
BRDA:110,19,1,0
BRDA:114,20,0,0
BRDA:114,20,1,0
BRDA:122,21,0,0
BRDA:122,21,1,0
BRDA:129,22,0,0
BRDA:129,22,1,0
BRDA:129,23,0,0
BRDA:129,23,1,0
BRF:47
BRH:0
end_of_record
TN:
SF:src/hooks/useTableSorting.ts
FN:25,(anonymous_0)
FN:51,(anonymous_1)
FN:74,(anonymous_2)
FN:76,(anonymous_3)
FN:82,(anonymous_4)
FN:96,(anonymous_5)
FN:109,(anonymous_6)
FN:117,useTableSorting
FN:122,(anonymous_8)
FN:132,(anonymous_9)
FN:134,(anonymous_10)
FN:143,(anonymous_11)
FN:153,(anonymous_12)
FN:159,(anonymous_13)
FN:167,(anonymous_14)
FN:171,(anonymous_15)
FN:177,(anonymous_16)
FN:191,(anonymous_17)
FNF:18
FNH:0
FNDA:0,(anonymous_0)
FNDA:0,(anonymous_1)
FNDA:0,(anonymous_2)
FNDA:0,(anonymous_3)
FNDA:0,(anonymous_4)
FNDA:0,(anonymous_5)
FNDA:0,(anonymous_6)
FNDA:0,useTableSorting
FNDA:0,(anonymous_8)
FNDA:0,(anonymous_9)
FNDA:0,(anonymous_10)
FNDA:0,(anonymous_11)
FNDA:0,(anonymous_12)
FNDA:0,(anonymous_13)
FNDA:0,(anonymous_14)
FNDA:0,(anonymous_15)
FNDA:0,(anonymous_16)
FNDA:0,(anonymous_17)
DA:1,0
DA:19,0
DA:25,0
DA:26,0
DA:27,0
DA:30,0
DA:31,0
DA:32,0
DA:35,0
DA:36,0
DA:39,0
DA:40,0
DA:43,0
DA:44,0
DA:45,0
DA:48,0
DA:51,0
DA:52,0
DA:53,0
DA:56,0
DA:57,0
DA:60,0
DA:61,0
DA:64,0
DA:65,0
DA:66,0
DA:68,0
DA:71,0
DA:74,0
DA:75,0
DA:76,0
DA:77,0
DA:79,0
DA:82,0
DA:83,0
DA:90,0
DA:93,0
DA:96,0
DA:97,0
DA:98,0
DA:99,0
DA:101,0
DA:102,0
DA:106,0
DA:109,0
DA:113,0
DA:114,0
DA:117,0
DA:122,0
DA:123,0
DA:124,0
DA:129,0
DA:132,0
DA:134,0
DA:135,0
DA:136,0
DA:138,0
DA:139,0
DA:143,0
DA:144,0
DA:145,0
DA:148,0
DA:149,0
DA:150,0
DA:153,0
DA:159,0
DA:160,0
DA:161,0
DA:162,0
DA:164,0
DA:167,0
DA:170,0
DA:172,0
DA:173,0
DA:174,0
DA:177,0
DA:178,0
DA:179,0
DA:182,0
DA:191,0
DA:192,0
DA:195,0
LF:82
LH:0
BRDA:26,0,0,0
BRDA:26,0,1,0
BRDA:30,1,0,0
BRDA:30,1,1,0
BRDA:32,2,0,0
BRDA:32,2,1,0
BRDA:35,3,0,0
BRDA:35,3,1,0
BRDA:36,4,0,0
BRDA:36,4,1,0
BRDA:39,5,0,0
BRDA:39,5,1,0
BRDA:40,6,0,0
BRDA:40,6,1,0
BRDA:44,7,0,0
BRDA:44,7,1,0
BRDA:52,8,0,0
BRDA:52,8,1,0
BRDA:52,9,0,0
BRDA:52,9,1,0
BRDA:56,10,0,0
BRDA:56,10,1,0
BRDA:60,11,0,0
BRDA:60,11,1,0
BRDA:64,12,0,0
BRDA:64,12,1,0
BRDA:64,13,0,0
BRDA:64,13,1,0
BRDA:65,14,0,0
BRDA:65,14,1,0
BRDA:68,15,0,0
BRDA:68,15,1,0
BRDA:83,16,0,0
BRDA:83,16,1,0
BRDA:84,17,0,0
BRDA:84,17,1,0
BRDA:84,17,2,0
BRDA:84,17,3,0
BRDA:84,17,4,0
BRDA:97,18,0,0
BRDA:97,18,1,0
BRDA:97,19,0,0
BRDA:97,19,1,0
BRDA:101,20,0,0
BRDA:101,20,1,0
BRDA:113,21,0,0
BRDA:113,21,1,0
BRDA:114,22,0,0
BRDA:114,22,1,0
BRDA:114,23,0,0
BRDA:114,23,1,0
BRDA:123,24,0,0
BRDA:123,24,1,0
BRDA:123,25,0,0
BRDA:123,25,1,0
BRDA:123,26,0,0
BRDA:123,26,1,0
BRDA:126,27,0,0
BRDA:126,27,1,0
BRDA:126,28,0,0
BRDA:126,28,1,0
BRDA:135,29,0,0
BRDA:135,29,1,0
BRDA:138,30,0,0
BRDA:138,30,1,0
BRDA:144,31,0,0
BRDA:144,31,1,0
BRDA:149,32,0,0
BRDA:149,32,1,0
BRDA:149,33,0,0
BRDA:149,33,1,0
BRDA:161,34,0,0
BRDA:161,34,1,0
BRDA:164,35,0,0
BRDA:164,35,1,0
BRDA:173,36,0,0
BRDA:173,36,1,0
BRDA:173,37,0,0
BRDA:173,37,1,0
BRDA:178,38,0,0
BRDA:178,38,1,0
BRDA:178,39,0,0
BRDA:178,39,1,0
BRDA:184,40,0,0
BRDA:184,40,1,0
BRF:85
BRH:0
end_of_record
TN:
SF:src/hooks/useWatchlistAuthors.ts
FN:5,(anonymous_7)
FN:6,(anonymous_8)
FN:7,(anonymous_9)
FN:8,(anonymous_10)
FN:9,(anonymous_11)
FN:10,(anonymous_12)
FN:11,(anonymous_13)
FN:12,(anonymous_14)
FN:13,(anonymous_15)
FN:14,(anonymous_16)
FN:15,(anonymous_17)
FN:20,(anonymous_18)
FN:25,(anonymous_19)
FN:25,(anonymous_20)
FN:36,(anonymous_21)
FN:44,(anonymous_22)
FN:45,(anonymous_23)
FN:45,(anonymous_24)
FN:56,(anonymous_25)
FN:57,(anonymous_26)
FN:57,(anonymous_27)
FN:69,(anonymous_28)
FN:70,(anonymous_29)
FN:72,(anonymous_30)
FN:72,(anonymous_31)
FN:78,(anonymous_32)
FN:91,(anonymous_33)
FNF:27
FNH:0
FNDA:0,(anonymous_7)
FNDA:0,(anonymous_8)
FNDA:0,(anonymous_9)
FNDA:0,(anonymous_10)
FNDA:0,(anonymous_11)
FNDA:0,(anonymous_12)
FNDA:0,(anonymous_13)
FNDA:0,(anonymous_14)
FNDA:0,(anonymous_15)
FNDA:0,(anonymous_16)
FNDA:0,(anonymous_17)
FNDA:0,(anonymous_18)
FNDA:0,(anonymous_19)
FNDA:0,(anonymous_20)
FNDA:0,(anonymous_21)
FNDA:0,(anonymous_22)
FNDA:0,(anonymous_23)
FNDA:0,(anonymous_24)
FNDA:0,(anonymous_25)
FNDA:0,(anonymous_26)
FNDA:0,(anonymous_27)
FNDA:0,(anonymous_28)
FNDA:0,(anonymous_29)
FNDA:0,(anonymous_30)
FNDA:0,(anonymous_31)
FNDA:0,(anonymous_32)
FNDA:0,(anonymous_33)
DA:1,0
DA:2,0
DA:5,0
DA:6,0
DA:7,0
DA:8,0
DA:9,0
DA:10,0
DA:11,0
DA:12,0
DA:13,0
DA:14,0
DA:15,0
DA:17,0
DA:18,0
DA:20,0
DA:21,0
DA:22,0
DA:25,0
DA:26,0
DA:27,0
DA:29,0
DA:33,0
DA:36,0
DA:37,0
DA:38,0
DA:41,0
DA:44,0
DA:45,0
DA:46,0
DA:47,0
DA:49,0
DA:53,0
DA:56,0
DA:57,0
DA:58,0
DA:59,0
DA:61,0
DA:65,0
DA:68,0
DA:70,0
DA:72,0
DA:73,0
DA:74,0
DA:76,0
DA:78,0
DA:79,0
DA:80,0
DA:81,0
DA:86,0
DA:91,0
DA:92,0
DA:95,0
LF:53
LH:0
BRDA:21,0,0,0
BRDA:21,0,1,0
BRDA:37,1,0,0
BRDA:37,1,1,0
BRDA:37,2,0,0
BRDA:37,2,1,0
BRDA:41,3,0,0
BRDA:41,3,1,0
BRF:8
BRH:0
end_of_record
TN:
SF:src/hooks/useWatchlistSettings.ts
FN:4,(anonymous_7)
FN:5,(anonymous_8)
FN:6,(anonymous_9)
FN:7,(anonymous_10)
FN:9,(anonymous_11)
FN:14,(anonymous_12)
FN:14,(anonymous_13)
FNF:7
FNH:0
FNDA:0,(anonymous_7)
FNDA:0,(anonymous_8)
FNDA:0,(anonymous_9)
FNDA:0,(anonymous_10)
FNDA:0,(anonymous_11)
FNDA:0,(anonymous_12)
FNDA:0,(anonymous_13)
DA:1,0
DA:2,0
DA:4,0
DA:5,0
DA:6,0
DA:7,0
DA:9,0
DA:10,0
DA:11,0
DA:14,0
DA:15,0
DA:16,0
DA:18,0
DA:22,0
DA:25,0
LF:15
LH:0
BRDA:10,0,0,0
BRDA:10,0,1,0
BRF:2
BRH:0
end_of_record
TN:
SF:src/lib/utils.ts
FN:10,(anonymous_0)
FN:20,(anonymous_1)
FN:24,(anonymous_2)
FN:25,(anonymous_3)
FN:28,cn
FN:29,(anonymous_5)
FNF:6
FNH:0
FNDA:0,(anonymous_0)
FNDA:0,(anonymous_1)
FNDA:0,(anonymous_2)
FNDA:0,(anonymous_3)
FNDA:0,cn
FNDA:0,(anonymous_5)
DA:10,0
DA:11,0
DA:12,0
DA:15,0
DA:16,0
DA:19,0
DA:20,0
DA:23,0
DA:24,0
DA:25,0
DA:28,0
DA:29,0
LF:12
LH:0
BRDA:11,0,0,0
BRDA:11,0,1,0
BRDA:11,1,0,0
BRDA:11,1,1,0
BRDA:15,2,0,0
BRDA:15,2,1,0
BRDA:15,3,0,0
BRDA:15,3,1,0
BRDA:19,4,0,0
BRDA:19,4,1,0
BRF:10
BRH:0
end_of_record
TN:
SF:src/pages/AuthorAnalysis.tsx
FN:11,AuthorAnalysis
FNF:1
FNH:0
FNDA:0,AuthorAnalysis
DA:1,0
DA:2,0
DA:3,0
DA:4,0
DA:5,0
DA:13,0
DA:25,0
DA:27,0
DA:54,0
LF:9
LH:0
BRF:0
BRH:0
end_of_record
TN:
SF:src/pages/Authors.tsx
FN:41,(anonymous_7)
FN:49,(anonymous_8)
FN:68,(anonymous_9)
FN:74,(anonymous_10)
FN:90,Authors
FN:91,(anonymous_12)
FN:92,(anonymous_13)
FN:93,(anonymous_14)
FN:94,(anonymous_15)
FN:95,(anonymous_16)
FN:96,(anonymous_17)
FN:97,(anonymous_18)
FN:98,(anonymous_19)
FN:99,(anonymous_20)
FN:100,(anonymous_21)
FN:101,(anonymous_22)
FN:102,(anonymous_23)
FN:103,(anonymous_24)
FN:104,(anonymous_25)
FN:105,(anonymous_26)
FN:106,(anonymous_27)
FN:107,(anonymous_28)
FN:108,(anonymous_29)
FN:112,(anonymous_30)
FN:135,(anonymous_31)
FN:145,(anonymous_32)
FN:152,(anonymous_33)
FN:156,(anonymous_34)
FN:161,(anonymous_35)
FN:166,(anonymous_36)
FN:176,(anonymous_37)
FN:177,(anonymous_38)
FN:182,(anonymous_39)
FN:183,(anonymous_40)
FN:189,(anonymous_41)
FN:189,(anonymous_42)
FN:265,(anonymous_43)
FN:272,(anonymous_44)
FN:276,(anonymous_45)
FN:278,(anonymous_46)
FN:324,(anonymous_47)
FN:330,(anonymous_48)
FN:361,(anonymous_49)
FN:370,(anonymous_50)
FN:378,(anonymous_51)
FN:386,(anonymous_52)
FN:394,(anonymous_53)
FN:402,(anonymous_54)
FN:410,(anonymous_55)
FN:418,(anonymous_56)
FN:438,(anonymous_57)
FN:492,(anonymous_58)
FN:499,(anonymous_59)
FNF:53
FNH:0
FNDA:0,(anonymous_7)
FNDA:0,(anonymous_8)
FNDA:0,(anonymous_9)
FNDA:0,(anonymous_10)
FNDA:0,Authors
FNDA:0,(anonymous_12)
FNDA:0,(anonymous_13)
FNDA:0,(anonymous_14)
FNDA:0,(anonymous_15)
FNDA:0,(anonymous_16)
FNDA:0,(anonymous_17)
FNDA:0,(anonymous_18)
FNDA:0,(anonymous_19)
FNDA:0,(anonymous_20)
FNDA:0,(anonymous_21)
FNDA:0,(anonymous_22)
FNDA:0,(anonymous_23)
FNDA:0,(anonymous_24)
FNDA:0,(anonymous_25)
FNDA:0,(anonymous_26)
FNDA:0,(anonymous_27)
FNDA:0,(anonymous_28)
FNDA:0,(anonymous_29)
FNDA:0,(anonymous_30)
FNDA:0,(anonymous_31)
FNDA:0,(anonymous_32)
FNDA:0,(anonymous_33)
FNDA:0,(anonymous_34)
FNDA:0,(anonymous_35)
FNDA:0,(anonymous_36)
FNDA:0,(anonymous_37)
FNDA:0,(anonymous_38)
FNDA:0,(anonymous_39)
FNDA:0,(anonymous_40)
FNDA:0,(anonymous_41)
FNDA:0,(anonymous_42)
FNDA:0,(anonymous_43)
FNDA:0,(anonymous_44)
FNDA:0,(anonymous_45)
FNDA:0,(anonymous_46)
FNDA:0,(anonymous_47)
FNDA:0,(anonymous_48)
FNDA:0,(anonymous_49)
FNDA:0,(anonymous_50)
FNDA:0,(anonymous_51)
FNDA:0,(anonymous_52)
FNDA:0,(anonymous_53)
FNDA:0,(anonymous_54)
FNDA:0,(anonymous_55)
FNDA:0,(anonymous_56)
FNDA:0,(anonymous_57)
FNDA:0,(anonymous_58)
FNDA:0,(anonymous_59)
DA:1,0
DA:2,0
DA:3,0
DA:4,0
DA:5,0
DA:6,0
DA:7,0
DA:8,0
DA:9,0
DA:10,0
DA:19,0
DA:20,0
DA:21,0
DA:27,0
DA:33,0
DA:39,0
DA:41,0
DA:42,0
DA:43,0
DA:46,0
DA:49,0
DA:50,0
DA:51,0
DA:54,0
DA:55,0
DA:56,0
DA:59,0
DA:68,0
DA:69,0
DA:70,0
DA:71,0
DA:74,0
DA:75,0
DA:76,0
DA:79,0
DA:80,0
DA:83,0
DA:84,0
DA:87,0
DA:91,0
DA:92,0
DA:93,0
DA:94,0
DA:95,0
DA:96,0
DA:97,0
DA:98,0
DA:99,0
DA:100,0
DA:101,0
DA:102,0
DA:103,0
DA:104,0
DA:105,0
DA:106,0
DA:107,0
DA:108,0
DA:110,0
DA:111,0
DA:113,0
DA:115,0
DA:134,0
DA:136,0
DA:140,0
DA:142,0
DA:143,0
DA:145,0
DA:146,0
DA:147,0
DA:148,0
DA:149,0
DA:152,0
DA:153,0
DA:156,0
DA:157,0
DA:161,0
DA:162,0
DA:165,0
DA:167,0
DA:168,0
DA:171,0
DA:176,0
DA:177,0
DA:178,0
DA:182,0
DA:183,0
DA:184,0
DA:188,0
DA:189,0
DA:190,0
DA:191,0
DA:194,0
DA:196,0
DA:197,0
DA:200,0
DA:201,0
DA:202,0
DA:203,0
DA:204,0
DA:206,0
DA:207,0
DA:208,0
DA:210,0
DA:211,0
DA:214,0
DA:219,0
DA:223,0
DA:224,0
DA:225,0
DA:226,0
DA:228,0
DA:229,0
DA:230,0
DA:231,0
DA:233,0
DA:236,0
DA:238,0
DA:239,0
DA:243,0
DA:244,0
DA:246,0
DA:247,0
DA:250,0
DA:251,0
DA:254,0
DA:255,0
DA:256,0
DA:258,0
DA:264,0
DA:266,0
DA:271,0
DA:272,0
DA:276,0
DA:278,0
DA:279,0
DA:281,0
DA:296,0
DA:297,0
DA:298,0
DA:302,0
DA:325,0
DA:330,0
DA:361,0
DA:370,0
DA:378,0
DA:386,0
DA:394,0
DA:402,0
DA:410,0
DA:418,0
DA:439,0
DA:440,0
DA:442,0
DA:492,0
DA:499,0
DA:552,0
LF:156
LH:0
BRDA:42,0,0,0
BRDA:42,0,1,0
BRDA:42,1,0,0
BRDA:42,1,1,0
BRDA:50,2,0,0
BRDA:50,2,1,0
BRDA:55,3,0,0
BRDA:55,3,1,0
BRDA:69,4,0,0
BRDA:69,4,1,0
BRDA:69,5,0,0
BRDA:69,5,1,0
BRDA:69,6,0,0
BRDA:69,6,1,0
BRDA:69,7,0,0
BRDA:69,7,1,0
BRDA:70,8,0,0
BRDA:70,8,1,0
BRDA:70,9,0,0
BRDA:70,9,1,0
BRDA:70,10,0,0
BRDA:70,10,1,0
BRDA:70,11,0,0
BRDA:70,11,1,0
BRDA:71,12,0,0
BRDA:71,12,1,0
BRDA:75,13,0,0
BRDA:75,13,1,0
BRDA:79,14,0,0
BRDA:79,14,1,0
BRDA:83,15,0,0
BRDA:83,15,1,0
BRDA:113,16,0,0
BRDA:113,16,1,0
BRDA:113,17,0,0
BRDA:113,17,1,0
BRDA:113,18,0,0
BRDA:113,18,1,0
BRDA:113,19,0,0
BRDA:113,19,1,0
BRDA:113,20,0,0
BRDA:113,20,1,0
BRDA:113,21,0,0
BRDA:113,21,1,0
BRDA:146,22,0,0
BRDA:146,22,1,0
BRDA:167,23,0,0
BRDA:167,23,1,0
BRDA:190,24,0,0
BRDA:190,24,1,0
BRDA:197,25,0,0
BRDA:197,25,1,0
BRDA:197,26,0,0
BRDA:197,26,1,0
BRDA:210,27,0,0
BRDA:210,27,1,0
BRDA:210,28,0,0
BRDA:210,28,1,0
BRDA:215,29,0,0
BRDA:215,29,1,0
BRDA:229,30,0,0
BRDA:229,30,1,0
BRDA:230,31,0,0
BRDA:230,31,1,0
BRDA:238,32,0,0
BRDA:238,32,1,0
BRDA:254,33,0,0
BRDA:254,33,1,0
BRDA:272,34,0,0
BRDA:272,34,1,0
BRDA:296,35,0,0
BRDA:296,35,1,0
BRDA:297,36,0,0
BRDA:297,36,1,0
BRDA:298,37,0,0
BRDA:298,37,1,0
BRDA:329,38,0,0
BRDA:329,38,1,0
BRDA:341,39,0,0
BRDA:341,39,1,0
BRDA:343,40,0,0
BRDA:343,40,1,0
BRDA:428,41,0,0
BRDA:428,41,1,0
BRDA:428,42,0,0
BRDA:428,42,1,0
BRDA:440,43,0,0
BRDA:440,43,1,0
BRDA:440,44,0,0
BRDA:440,44,1,0
BRDA:440,45,0,0
BRDA:440,45,1,0
BRDA:440,46,0,0
BRDA:440,46,1,0
BRDA:440,47,0,0
BRDA:440,47,1,0
BRDA:440,48,0,0
BRDA:440,48,1,0
BRDA:447,49,0,0
BRDA:447,49,1,0
BRDA:457,50,0,0
BRDA:457,50,1,0
BRDA:500,51,0,0
BRDA:500,51,1,0
BRDA:502,52,0,0
BRDA:502,52,1,0
BRDA:502,53,0,0
BRDA:502,53,1,0
BRDA:517,54,0,0
BRDA:517,54,1,0
BRDA:533,55,0,0
BRDA:533,55,1,0
BRDA:536,56,0,0
BRDA:536,56,1,0
BRF:114
BRH:0
end_of_record
TN:
SF:src/pages/Comments.tsx
FN:7,Comments
FNF:1
FNH:0
FNDA:0,Comments
DA:1,0
DA:2,0
DA:3,0
DA:4,0
DA:5,0
DA:34,0
DA:36,0
DA:72,0
LF:8
LH:0
BRF:0
BRH:0
end_of_record
TN:
SF:src/pages/Groups.tsx
FN:11,Groups
FN:12,(anonymous_8)
FN:13,(anonymous_9)
FN:14,(anonymous_10)
FN:15,(anonymous_11)
FN:16,(anonymous_12)
FN:17,(anonymous_13)
FN:18,(anonymous_14)
FN:19,(anonymous_15)
FN:20,(anonymous_16)
FN:21,(anonymous_17)
FN:22,(anonymous_18)
FN:23,(anonymous_19)
FN:24,(anonymous_20)
FN:31,(anonymous_21)
FN:38,(anonymous_22)
FN:46,(anonymous_23)
FN:50,(anonymous_24)
FN:50,(anonymous_25)
FN:56,(anonymous_26)
FN:56,(anonymous_27)
FN:63,(anonymous_28)
FN:63,(anonymous_29)
FN:80,(anonymous_30)
FN:80,(anonymous_31)
FN:88,(anonymous_32)
FN:88,(anonymous_33)
FN:92,(anonymous_34)
FN:92,(anonymous_35)
FN:96,(anonymous_36)
FNF:30
FNH:0
FNDA:0,Groups
FNDA:0,(anonymous_8)
FNDA:0,(anonymous_9)
FNDA:0,(anonymous_10)
FNDA:0,(anonymous_11)
FNDA:0,(anonymous_12)
FNDA:0,(anonymous_13)
FNDA:0,(anonymous_14)
FNDA:0,(anonymous_15)
FNDA:0,(anonymous_16)
FNDA:0,(anonymous_17)
FNDA:0,(anonymous_18)
FNDA:0,(anonymous_19)
FNDA:0,(anonymous_20)
FNDA:0,(anonymous_21)
FNDA:0,(anonymous_22)
FNDA:0,(anonymous_23)
FNDA:0,(anonymous_24)
FNDA:0,(anonymous_25)
FNDA:0,(anonymous_26)
FNDA:0,(anonymous_27)
FNDA:0,(anonymous_28)
FNDA:0,(anonymous_29)
FNDA:0,(anonymous_30)
FNDA:0,(anonymous_31)
FNDA:0,(anonymous_32)
FNDA:0,(anonymous_33)
FNDA:0,(anonymous_34)
FNDA:0,(anonymous_35)
FNDA:0,(anonymous_36)
DA:1,0
DA:2,0
DA:3,0
DA:4,0
DA:5,0
DA:6,0
DA:7,0
DA:8,0
DA:12,0
DA:13,0
DA:14,0
DA:15,0
DA:16,0
DA:17,0
DA:18,0
DA:19,0
DA:20,0
DA:21,0
DA:22,0
DA:23,0
DA:24,0
DA:25,0
DA:26,0
DA:28,0
DA:29,0
DA:31,0
DA:32,0
DA:34,0
DA:35,0
DA:38,0
DA:39,0
DA:40,0
DA:41,0
DA:42,0
DA:46,0
DA:47,0
DA:50,0
DA:51,0
DA:52,0
DA:56,0
DA:57,0
DA:58,0
DA:59,0
DA:63,0
DA:64,0
DA:65,0
DA:68,0
DA:69,0
DA:70,0
DA:73,0
DA:74,0
DA:80,0
DA:81,0
DA:82,0
DA:88,0
DA:89,0
DA:92,0
DA:93,0
DA:96,0
DA:97,0
DA:100,0
DA:140,0
LF:62
LH:0
BRDA:34,0,0,0
BRDA:34,0,1,0
BRDA:39,1,0,0
BRDA:39,1,1,0
BRDA:39,2,0,0
BRDA:39,2,1,0
BRDA:40,3,0,0
BRDA:40,3,1,0
BRDA:40,4,0,0
BRDA:40,4,1,0
BRDA:41,5,0,0
BRDA:41,5,1,0
BRDA:41,6,0,0
BRDA:41,6,1,0
BRDA:42,7,0,0
BRDA:42,7,1,0
BRDA:42,7,2,0
BRDA:51,8,0,0
BRDA:51,8,1,0
BRDA:57,9,0,0
BRDA:57,9,1,0
BRDA:57,10,0,0
BRDA:57,10,1,0
BRDA:58,11,0,0
BRDA:58,11,1,0
BRDA:64,12,0,0
BRDA:64,12,1,0
BRDA:64,13,0,0
BRDA:64,13,1,0
BRDA:69,14,0,0
BRDA:69,14,1,0
BRF:31
BRH:0
end_of_record
TN:
SF:src/pages/Keywords.tsx
FN:8,Keywords
FN:9,(anonymous_8)
FN:10,(anonymous_9)
FN:11,(anonymous_10)
FN:12,(anonymous_11)
FN:13,(anonymous_12)
FN:14,(anonymous_13)
FN:19,(anonymous_14)
FN:20,(anonymous_15)
FN:20,(anonymous_16)
FN:31,(anonymous_17)
FN:31,(anonymous_18)
FN:38,(anonymous_19)
FN:38,(anonymous_20)
FNF:14
FNH:0
FNDA:0,Keywords
FNDA:0,(anonymous_8)
FNDA:0,(anonymous_9)
FNDA:0,(anonymous_10)
FNDA:0,(anonymous_11)
FNDA:0,(anonymous_12)
FNDA:0,(anonymous_13)
FNDA:0,(anonymous_14)
FNDA:0,(anonymous_15)
FNDA:0,(anonymous_16)
FNDA:0,(anonymous_17)
FNDA:0,(anonymous_18)
FNDA:0,(anonymous_19)
FNDA:0,(anonymous_20)
DA:1,0
DA:2,0
DA:3,0
DA:4,0
DA:5,0
DA:6,0
DA:9,0
DA:10,0
DA:11,0
DA:12,0
DA:13,0
DA:14,0
DA:16,0
DA:17,0
DA:19,0
DA:20,0
DA:21,0
DA:22,0
DA:24,0
DA:28,0
DA:31,0
DA:32,0
DA:33,0
DA:34,0
DA:38,0
DA:39,0
DA:40,0
DA:42,0
DA:43,0
DA:45,0
DA:47,0
DA:51,0
DA:56,0
DA:61,0
DA:102,0
LF:35
LH:0
BRDA:33,0,0,0
BRDA:33,0,1,0
BRDA:39,1,0,0
BRDA:39,1,1,0
BRDA:39,2,0,0
BRDA:39,2,1,0
BRDA:40,3,0,0
BRDA:40,3,1,0
BRF:8
BRH:0
end_of_record
TN:
SF:src/pages/Watchlist.tsx
FN:9,Watchlist
FNF:1
FNH:0
FNDA:0,Watchlist
DA:1,0
DA:2,0
DA:3,0
DA:4,0
DA:5,0
DA:6,0
DA:7,0
DA:23,0
DA:29,0
DA:31,0
DA:37,0
DA:39,0
DA:70,0
LF:13
LH:0
BRF:0
BRH:0
end_of_record
TN:
SF:src/pages/Comments/components/CommentCard.tsx
FN:23,CommentCard
FN:32,(anonymous_1)
FN:32,(anonymous_2)
FN:121,(anonymous_3)
FN:136,(anonymous_4)
FN:157,(anonymous_5)
FNF:6
FNH:0
FNDA:0,CommentCard
FNDA:0,(anonymous_1)
FNDA:0,(anonymous_2)
FNDA:0,(anonymous_3)
FNDA:0,(anonymous_4)
FNDA:0,(anonymous_5)
DA:1,0
DA:2,0
DA:3,0
DA:4,0
DA:5,0
DA:7,0
DA:8,0
DA:9,0
DA:10,0
DA:11,0
DA:31,0
DA:32,0
DA:35,0
DA:122,0
DA:137,0
DA:138,0
DA:158,0
DA:159,0
DA:179,0
LF:19
LH:0
BRDA:31,0,0,0
BRDA:31,0,1,0
BRDA:31,1,0,0
BRDA:31,1,1,0
BRDA:42,2,0,0
BRDA:42,2,1,0
BRDA:55,3,0,0
BRDA:55,3,1,0
BRDA:71,4,0,0
BRDA:71,4,1,0
BRDA:79,5,0,0
BRDA:79,5,1,0
BRDA:79,6,0,0
BRDA:79,6,1,0
BRDA:80,7,0,0
BRDA:80,7,1,0
BRDA:80,8,0,0
BRDA:80,8,1,0
BRDA:90,9,0,0
BRDA:90,9,1,0
BRDA:119,10,0,0
BRDA:119,10,1,0
BRDA:127,11,0,0
BRDA:127,11,1,0
BRDA:130,12,0,0
BRDA:130,12,1,0
BRDA:135,13,0,0
BRDA:135,13,1,0
BRDA:137,14,0,0
BRDA:137,14,1,0
BRDA:142,15,0,0
BRDA:142,15,1,0
BRDA:147,16,0,0
BRDA:147,16,1,0
BRDA:151,17,0,0
BRDA:151,17,1,0
BRDA:158,18,0,0
BRDA:158,18,1,0
BRF:38
BRH:0
end_of_record
TN:
SF:src/pages/Comments/components/CommentsFiltersPanel.tsx
FN:20,(anonymous_0)
FN:31,CommentsFiltersPanel
FN:73,(anonymous_2)
FN:74,(anonymous_3)
FN:84,(anonymous_4)
FN:85,(anonymous_5)
FNF:6
FNH:0
FNDA:0,(anonymous_0)
FNDA:0,CommentsFiltersPanel
FNDA:0,(anonymous_2)
FNDA:0,(anonymous_3)
FNDA:0,(anonymous_4)
FNDA:0,(anonymous_5)
DA:1,0
DA:3,0
DA:4,0
DA:5,0
DA:6,0
DA:7,0
DA:8,0
DA:20,0
DA:21,0
DA:29,0
DA:40,0
DA:41,0
DA:42,0
DA:44,0
DA:74,0
DA:85,0
DA:99,0
LF:17
LH:0
BRDA:23,0,0,0
BRDA:23,0,1,0
BRDA:42,1,0,0
BRDA:42,1,1,0
BRDA:60,2,0,0
BRDA:60,2,1,0
BRDA:70,3,0,0
BRDA:70,3,1,0
BRDA:74,4,0,0
BRDA:74,4,1,0
BRDA:93,5,0,0
BRDA:93,5,1,0
BRF:12
BRH:0
end_of_record
TN:
SF:src/pages/Comments/components/CommentsHero.tsx
FN:10,CommentsHero
FNF:1
FNH:0
FNDA:0,CommentsHero
DA:1,0
DA:2,0
DA:11,0
DA:32,0
LF:4
LH:0
BRF:0
BRH:0
end_of_record
TN:
SF:src/pages/Comments/components/CommentsTableCard.tsx
FN:32,(anonymous_0)
FN:47,(anonymous_1)
FN:62,CommentsTableCard
FN:143,(anonymous_3)
FN:154,(anonymous_4)
FN:172,(anonymous_5)
FN:205,(anonymous_6)
FNF:7
FNH:0
FNDA:0,(anonymous_0)
FNDA:0,(anonymous_1)
FNDA:0,CommentsTableCard
FNDA:0,(anonymous_3)
FNDA:0,(anonymous_4)
FNDA:0,(anonymous_5)
FNDA:0,(anonymous_6)
DA:1,0
DA:2,0
DA:3,0
DA:4,0
DA:5,0
DA:6,0
DA:7,0
DA:8,0
DA:9,0
DA:32,0
DA:33,0
DA:34,0
DA:36,0
DA:37,0
DA:40,0
DA:41,0
DA:44,0
DA:47,0
DA:48,0
DA:49,0
DA:51,0
DA:52,0
DA:55,0
DA:56,0
DA:59,0
DA:91,0
DA:102,0
DA:104,0
DA:144,0
DA:146,0
DA:154,0
DA:173,0
DA:175,0
DA:206,0
DA:208,0
DA:251,0
LF:36
LH:0
BRDA:36,0,0,0
BRDA:36,0,1,0
BRDA:36,1,0,0
BRDA:36,1,1,0
BRDA:40,2,0,0
BRDA:40,2,1,0
BRDA:40,3,0,0
BRDA:40,3,1,0
BRDA:40,3,2,0
BRDA:40,3,3,0
BRDA:51,4,0,0
BRDA:51,4,1,0
BRDA:51,5,0,0
BRDA:51,5,1,0
BRDA:55,6,0,0
BRDA:55,6,1,0
BRDA:55,7,0,0
BRDA:55,7,1,0
BRDA:55,7,2,0
BRDA:55,7,3,0
BRDA:117,8,0,0
BRDA:117,8,1,0
BRDA:135,9,0,0
BRDA:135,9,1,0
BRDA:135,9,2,0
BRDA:137,10,0,0
BRDA:137,10,1,0
BRDA:137,10,2,0
BRDA:139,11,0,0
BRDA:139,11,1,0
BRDA:141,12,0,0
BRDA:141,12,1,0
BRDA:144,13,0,0
BRDA:144,13,1,0
BRDA:144,14,0,0
BRDA:144,14,1,0
BRDA:149,15,0,0
BRDA:149,15,1,0
BRDA:165,16,0,0
BRDA:165,16,1,0
BRDA:170,17,0,0
BRDA:170,17,1,0
BRDA:173,18,0,0
BRDA:173,18,1,0
BRDA:173,19,0,0
BRDA:173,19,1,0
BRDA:183,20,0,0
BRDA:183,20,1,0
BRDA:183,21,0,0
BRDA:183,21,1,0
BRDA:195,22,0,0
BRDA:195,22,1,0
BRDA:195,22,2,0
BRDA:195,22,3,0
BRDA:206,23,0,0
BRDA:206,23,1,0
BRDA:206,24,0,0
BRDA:206,24,1,0
BRDA:216,25,0,0
BRDA:216,25,1,0
BRDA:216,26,0,0
BRDA:216,26,1,0
BRDA:231,27,0,0
BRDA:231,27,1,0
BRDA:237,28,0,0
BRDA:237,28,1,0
BRDA:239,29,0,0
BRDA:239,29,1,0
BRDA:240,30,0,0
BRDA:240,30,1,0
BRF:70
BRH:0
end_of_record
TN:
SF:src/pages/Comments/components/EmptyCommentsState.tsx
FN:7,EmptyCommentsState
FNF:1
FNH:0
FNDA:0,EmptyCommentsState
DA:1,0
DA:8,0
DA:21,0
LF:3
LH:0
BRF:0
BRH:0
end_of_record
TN:
SF:src/pages/Comments/components/LoadingCommentsState.tsx
FN:4,LoadingCommentsState
FNF:1
FNH:0
FNDA:0,LoadingCommentsState
DA:1,0
DA:2,0
DA:5,0
DA:17,0
LF:4
LH:0
BRF:0
BRH:0
end_of_record
TN:
SF:src/pages/Comments/hooks/useCommentsTableCardController.ts
FN:15,useCommentsTableCardController
FN:25,(anonymous_1)
FN:25,(anonymous_2)
FN:30,(anonymous_3)
FN:31,(anonymous_4)
FN:32,(anonymous_5)
FN:43,(anonymous_6)
FN:44,(anonymous_7)
FN:51,(anonymous_8)
FN:81,buildSubtitle
FNF:10
FNH:0
FNDA:0,useCommentsTableCardController
FNDA:0,(anonymous_1)
FNDA:0,(anonymous_2)
FNDA:0,(anonymous_3)
FNDA:0,(anonymous_4)
FNDA:0,(anonymous_5)
FNDA:0,(anonymous_6)
FNDA:0,(anonymous_7)
FNDA:0,(anonymous_8)
FNDA:0,buildSubtitle
DA:1,0
DA:15,0
DA:25,0
DA:26,0
DA:27,0
DA:28,0
DA:29,0
DA:30,0
DA:31,0
DA:32,0
DA:33,0
DA:34,0
DA:36,0
DA:37,0
DA:38,0
DA:42,0
DA:44,0
DA:48,0
DA:49,0
DA:50,0
DA:52,0
DA:69,0
DA:96,0
DA:97,0
DA:98,0
DA:99,0
DA:100,0
DA:101,0
LF:28
LH:0
BRDA:33,0,0,0
BRDA:33,0,1,0
BRDA:33,1,0,0
BRDA:33,1,1,0
BRDA:36,2,0,0
BRDA:36,2,1,0
BRDA:37,3,0,0
BRDA:37,3,1,0
BRDA:44,4,0,0
BRDA:44,4,1,0
BRDA:44,5,0,0
BRDA:44,5,1,0
BRDA:49,6,0,0
BRDA:49,6,1,0
BRDA:96,7,0,0
BRDA:96,7,1,0
BRDA:96,8,0,0
BRDA:96,8,1,0
BRDA:97,9,0,0
BRDA:97,9,1,0
BRDA:98,10,0,0
BRDA:98,10,1,0
BRDA:98,11,0,0
BRDA:98,11,1,0
BRDA:99,12,0,0
BRDA:99,12,1,0
BRDA:99,13,0,0
BRDA:99,13,1,0
BRDA:99,13,2,0
BRF:29
BRH:0
[...]
DA:3,0
DA:4,0
DA:5,0
DA:6,0
DA:7,0
DA:8,0
DA:9,0
DA:10,0
LF:10
LH:0
BRF:0
BRH:0
end_of_record
TN:
SF:src/stores/keywordsStore.ts
FN:8,(anonymous_7)
FN:12,(anonymous_8)
FN:24,(anonymous_10)
FN:33,(anonymous_12)
FN:35,(anonymous_13)
FN:56,(anonymous_14)
FN:59,(anonymous_16)
FN:59,(anonymous_17)
FN:67,(anonymous_18)
FN:78,(anonymous_20)
FNF:10
FNH:0
FNDA:0,(anonymous_7)
FNDA:0,(anonymous_8)
FNDA:0,(anonymous_10)
FNDA:0,(anonymous_12)
FNDA:0,(anonymous_13)
FNDA:0,(anonymous_14)
FNDA:0,(anonymous_16)
FNDA:0,(anonymous_17)
FNDA:0,(anonymous_18)
FNDA:0,(anonymous_20)
DA:1,0
DA:2,0
DA:3,0
DA:4,0
DA:5,0
DA:8,0
DA:13,0
DA:14,0
DA:15,0
DA:17,0
DA:18,0
DA:20,0
DA:25,0
DA:26,0
DA:27,0
DA:28,0
DA:31,0
DA:32,0
DA:33,0
DA:34,0
DA:35,0
DA:38,0
DA:39,0
DA:40,0
DA:41,0
DA:44,0
DA:46,0
DA:47,0
DA:48,0
DA:50,0
DA:51,0
DA:52,0
DA:57,0
DA:58,0
DA:59,0
DA:60,0
DA:62,0
DA:63,0
DA:68,0
DA:69,0
DA:70,0
DA:71,0
DA:73,0
DA:74,0
DA:79,0
DA:80,0
DA:81,0
DA:82,0
DA:84,0
DA:85,0
LF:50
LH:0
BRDA:26,0,0,0
BRDA:26,0,1,0
BRDA:26,1,0,0
BRDA:26,1,1,0
BRDA:26,2,0,0
BRDA:26,2,1,0
BRDA:26,3,0,0
BRDA:26,3,1,0
BRDA:27,4,0,0
BRDA:27,4,1,0
BRDA:32,5,0,0
BRDA:32,5,1,0
BRDA:35,6,0,0
BRDA:35,6,1,0
BRDA:38,7,0,0
BRDA:38,7,1,0
BRF:16
BRH:0
end_of_record
TN:
SF:src/stores/navigationStore.ts
FN:4,(anonymous_0)
FN:6,(anonymous_1)
FNF:2
FNH:0
FNDA:0,(anonymous_0)
FNDA:0,(anonymous_1)
DA:1,0
DA:4,0
DA:6,0
LF:3
LH:0
BRF:0
BRH:0
end_of_record
TN:
SF:src/stores/photoAnalysisStore.ts
FN:38,(anonymous_7)
FN:49,(anonymous_8)
FN:68,(anonymous_10)
FN:87,(anonymous_12)
FN:106,(anonymous_14)
FN:117,(anonymous_16)
FN:135,(anonymous_18)
FN:139,(anonymous_19)
FNF:8
FNH:0
FNDA:0,(anonymous_7)
FNDA:0,(anonymous_8)
FNDA:0,(anonymous_10)
FNDA:0,(anonymous_12)
FNDA:0,(anonymous_14)
FNDA:0,(anonymous_16)
FNDA:0,(anonymous_18)
FNDA:0,(anonymous_19)
DA:1,0
DA:2,0
DA:3,0
DA:10,0
DA:36,0
DA:38,0
DA:50,0
DA:51,0
DA:52,0
DA:53,0
DA:61,0
DA:63,0
DA:64,0
DA:69,0
DA:70,0
DA:71,0
DA:72,0
DA:80,0
DA:82,0
DA:83,0
DA:88,0
DA:89,0
DA:90,0
DA:91,0
DA:99,0
DA:101,0
DA:102,0
DA:107,0
DA:108,0
DA:109,0
DA:110,0
DA:112,0
DA:113,0
DA:118,0
DA:119,0
DA:120,0
DA:121,0
DA:130,0
DA:131,0
DA:136,0
DA:140,0
LF:41
LH:0
BRDA:63,0,0,0
BRDA:63,0,1,0
BRDA:82,1,0,0
BRDA:82,1,1,0
BRDA:101,2,0,0
BRDA:101,2,1,0
BRDA:112,3,0,0
BRDA:112,3,1,0
BRDA:130,4,0,0
BRDA:130,4,1,0
BRF:10
BRH:0
end_of_record
TN:
SF:src/stores/taskAutomationStore.ts
FN:21,(anonymous_7)
FN:27,(anonymous_8)
FN:49,(anonymous_10)
FN:64,(anonymous_12)
FNF:4
FNH:0
FNDA:0,(anonymous_7)
FNDA:0,(anonymous_8)
FNDA:0,(anonymous_10)
FNDA:0,(anonymous_12)
DA:1,0
DA:2,0
DA:3,0
DA:4,0
DA:6,0
DA:19,0
DA:21,0
DA:28,0
DA:29,0
DA:32,0
DA:34,0
DA:35,0
DA:39,0
DA:40,0
DA:42,0
DA:43,0
DA:45,0
DA:50,0
DA:52,0
DA:53,0
DA:54,0
DA:55,0
DA:56,0
DA:58,0
DA:59,0
DA:60,0
DA:65,0
DA:66,0
DA:69,0
DA:71,0
DA:72,0
DA:73,0
DA:74,0
DA:75,0
DA:77,0
DA:78,0
DA:79,0
LF:37
LH:0
BRDA:28,0,0,0
BRDA:28,0,1,0
BRDA:65,1,0,0
BRDA:65,1,1,0
BRF:4
BRH:0
end_of_record
TN:
SF:src/stores/tasksStore.utils.ts
FN:16,(anonymous_7)
FN:21,(anonymous_8)
FN:36,(anonymous_9)
FN:37,(anonymous_10)
FN:40,(anonymous_11)
FN:61,(anonymous_12)
FN:61,(anonymous_13)
FN:72,(anonymous_14)
FN:79,(anonymous_15)
FN:115,(anonymous_16)
FN:119,(anonymous_17)
FN:135,(anonymous_18)
FN:158,(anonymous_19)
FN:180,(anonymous_20)
FN:184,(anonymous_21)
FN:192,(anonymous_22)
FN:249,(anonymous_23)
FN:280,(anonymous_24)
FN:302,(anonymous_25)
FN:322,(anonymous_26)
FN:328,(anonymous_27)
FN:338,(anonymous_28)
FN:386,(anonymous_29)
FN:437,(anonymous_30)
FN:455,(anonymous_31)
FN:459,(anonymous_32)
FN:463,(anonymous_33)
FN:465,(anonymous_34)
FN:466,(anonymous_35)
FN:469,(anonymous_36)
FN:473,(anonymous_37)
FN:475,(anonymous_38)
FN:484,(anonymous_39)
FN:491,(anonymous_40)
FN:506,(anonymous_41)
FNF:35
FNH:0
FNDA:0,(anonymous_7)
FNDA:0,(anonymous_8)
FNDA:0,(anonymous_9)
FNDA:0,(anonymous_10)
FNDA:0,(anonymous_11)
FNDA:0,(anonymous_12)
FNDA:0,(anonymous_13)
FNDA:0,(anonymous_14)
FNDA:0,(anonymous_15)
FNDA:0,(anonymous_16)
FNDA:0,(anonymous_17)
FNDA:0,(anonymous_18)
FNDA:0,(anonymous_19)
FNDA:0,(anonymous_20)
FNDA:0,(anonymous_21)
FNDA:0,(anonymous_22)
FNDA:0,(anonymous_23)
FNDA:0,(anonymous_24)
FNDA:0,(anonymous_25)
FNDA:0,(anonymous_26)
FNDA:0,(anonymous_27)
FNDA:0,(anonymous_28)
FNDA:0,(anonymous_29)
FNDA:0,(anonymous_30)
FNDA:0,(anonymous_31)
FNDA:0,(anonymous_32)
FNDA:0,(anonymous_33)
FNDA:0,(anonymous_34)
FNDA:0,(anonymous_35)
FNDA:0,(anonymous_36)
FNDA:0,(anonymous_37)
FNDA:0,(anonymous_38)
FNDA:0,(anonymous_39)
FNDA:0,(anonymous_40)
FNDA:0,(anonymous_41)
DA:1,0
DA:16,0
DA:17,0
DA:18,0
DA:21,0
DA:22,0
DA:23,0
DA:26,0
DA:27,0
DA:28,0
DA:29,0
DA:33,0
DA:36,0
DA:37,0
DA:40,0
DA:41,0
DA:42,0
DA:45,0
DA:46,0
DA:47,0
DA:48,0
DA:50,0
DA:54,0
DA:55,0
DA:58,0
DA:61,0
DA:62,0
DA:63,0
DA:64,0
DA:65,0
DA:72,0
DA:73,0
DA:74,0
DA:75,0
DA:78,0
DA:79,0
DA:80,0
DA:81,0
DA:82,0
DA:84,0
DA:85,0
DA:88,0
DA:91,0
DA:92,0
DA:95,0
DA:96,0
DA:99,0
DA:100,0
DA:101,0
DA:102,0
DA:104,0
DA:107,0
DA:109,0
DA:115,0
DA:116,0
DA:117,0
DA:119,0
DA:120,0
DA:121,0
DA:122,0
DA:123,0
DA:124,0
DA:129,0
DA:130,0
DA:131,0
DA:134,0
DA:135,0
DA:136,0
DA:137,0
DA:138,0
DA:139,0
DA:140,0
DA:147,0
DA:148,0
DA:155,0
DA:158,0
DA:162,0
DA:163,0
DA:166,0
DA:167,0
DA:168,0
DA:171,0
DA:172,0
DA:173,0
DA:177,0
DA:180,0
DA:181,0
DA:184,0
DA:192,0
DA:196,0
DA:199,0
DA:202,0
DA:205,0
DA:209,0
DA:210,0
DA:211,0
DA:212,0
DA:213,0
DA:214,0
DA:215,0
DA:216,0
DA:218,0
DA:219,0
DA:222,0
DA:223,0
DA:226,0
DA:227,0
DA:230,0
DA:231,0
DA:234,0
DA:235,0
DA:238,0
DA:239,0
DA:242,0
DA:243,0
DA:246,0
DA:249,0
DA:253,0
DA:255,0
DA:256,0
DA:259,0
DA:260,0
DA:264,0
DA:265,0
DA:267,0
DA:272,0
DA:273,0
DA:277,0
DA:280,0
DA:281,0
DA:282,0
DA:295,0
DA:296,0
DA:297,0
DA:300,0
DA:302,0
DA:303,0
DA:304,0
DA:307,0
DA:308,0
DA:309,0
DA:310,0
DA:311,0
DA:312,0
DA:319,0
DA:322,0
DA:323,0
DA:324,0
DA:327,0
DA:328,0
DA:329,0
DA:330,0
DA:331,0
DA:335,0
DA:338,0
DA:339,0
DA:340,0
DA:345,0
DA:351,0
DA:354,0
DA:366,0
DA:373,0
DA:375,0
DA:379,0
DA:380,0
DA:383,0
DA:386,0
DA:387,0
DA:388,0
DA:393,0
DA:399,0
DA:402,0
DA:413,0
DA:420,0
DA:422,0
DA:426,0
DA:427,0
DA:430,0
DA:431,0
DA:434,0
DA:437,0
DA:438,0
DA:439,0
DA:440,0
DA:443,0
DA:444,0
DA:445,0
DA:446,0
DA:447,0
DA:452,0
DA:455,0
DA:456,0
DA:459,0
DA:460,0
DA:463,0
DA:464,0
DA:465,0
DA:466,0
DA:469,0
DA:470,0
DA:471,0
DA:473,0
DA:474,0
DA:475,0
DA:476,0
DA:478,0
DA:481,0
DA:484,0
DA:489,0
DA:490,0
DA:491,0
DA:493,0
DA:495,0
DA:496,0
DA:497,0
DA:498,0
DA:500,0
DA:503,0
DA:506,0
DA:507,0
DA:508,0
DA:510,0
LF:222
LH:0
BRDA:18,0,0,0
BRDA:18,0,1,0
BRDA:22,1,0,0
BRDA:22,1,1,0
BRDA:22,2,0,0
BRDA:22,2,1,0
BRDA:26,3,0,0
BRDA:26,3,1,0
BRDA:26,4,0,0
BRDA:26,4,1,0
BRDA:28,5,0,0
BRDA:28,5,1,0
BRDA:37,6,0,0
BRDA:37,6,1,0
BRDA:41,7,0,0
BRDA:41,7,1,0
BRDA:45,8,0,0
BRDA:45,8,1,0
BRDA:48,9,0,0
BRDA:48,9,1,0
BRDA:48,10,0,0
BRDA:48,10,1,0
BRDA:54,11,0,0
BRDA:54,11,1,0
BRDA:63,12,0,0
BRDA:63,12,1,0
BRDA:63,13,0,0
BRDA:63,13,1,0
BRDA:74,14,0,0
BRDA:74,14,1,0
BRDA:74,15,0,0
BRDA:74,15,1,0
BRDA:80,16,0,0
BRDA:80,16,1,0
BRDA:81,17,0,0
BRDA:81,17,1,0
BRDA:84,18,0,0
BRDA:84,18,1,0
BRDA:84,19,0,0
BRDA:84,19,1,0
BRDA:91,20,0,0
BRDA:91,20,1,0
BRDA:95,21,0,0
BRDA:95,21,1,0
BRDA:96,22,0,0
BRDA:96,22,1,0
BRDA:99,23,0,0
BRDA:99,23,1,0
BRDA:101,24,0,0
BRDA:101,24,1,0
BRDA:101,25,0,0
BRDA:101,25,1,0
BRDA:107,26,0,0
BRDA:107,26,1,0
BRDA:120,27,0,0
BRDA:120,27,1,0
BRDA:120,28,0,0
BRDA:120,28,1,0
BRDA:122,29,0,0
BRDA:122,29,1,0
BRDA:130,30,0,0
BRDA:130,30,1,0
BRDA:134,31,0,0
BRDA:134,31,1,0
BRDA:136,32,0,0
BRDA:136,32,1,0
BRDA:136,33,0,0
BRDA:136,33,1,0
BRDA:138,34,0,0
BRDA:138,34,1,0
BRDA:138,35,0,0
BRDA:138,35,1,0
BRDA:147,36,0,0
BRDA:147,36,1,0
BRDA:162,37,0,0
BRDA:162,37,1,0
BRDA:167,38,0,0
BRDA:167,38,1,0
BRDA:172,39,0,0
BRDA:172,39,1,0
BRDA:181,40,0,0
BRDA:181,40,1,0
BRDA:196,41,0,0
BRDA:196,41,1,0
BRDA:196,42,0,0
BRDA:196,42,1,0
BRDA:199,43,0,0
BRDA:199,43,1,0
BRDA:199,44,0,0
BRDA:199,44,1,0
BRDA:202,45,0,0
BRDA:202,45,1,0
BRDA:202,46,0,0
BRDA:202,46,1,0
BRDA:205,47,0,0
BRDA:205,47,1,0
BRDA:205,48,0,0
BRDA:205,48,1,0
BRDA:212,49,0,0
BRDA:212,49,1,0
BRDA:213,50,0,0
BRDA:213,50,1,0
BRDA:216,51,0,0
BRDA:216,51,1,0
BRDA:216,51,2,0
BRDA:218,52,0,0
BRDA:218,52,1,0
BRDA:219,53,0,0
BRDA:219,53,1,0
BRDA:222,54,0,0
BRDA:222,54,1,0
BRDA:226,55,0,0
BRDA:226,55,1,0
BRDA:226,56,0,0
BRDA:226,56,1,0
BRDA:230,57,0,0
BRDA:230,57,1,0
BRDA:234,58,0,0
BRDA:234,58,1,0
BRDA:234,59,0,0
BRDA:234,59,1,0
BRDA:235,60,0,0
BRDA:235,60,1,0
BRDA:238,61,0,0
BRDA:238,61,1,0
BRDA:239,62,0,0
BRDA:239,62,1,0
BRDA:242,63,0,0
BRDA:242,63,1,0
BRDA:242,64,0,0
BRDA:242,64,1,0
BRDA:242,64,2,0
BRDA:253,65,0,0
BRDA:253,65,1,0
BRDA:255,66,0,0
BRDA:255,66,1,0
BRDA:259,67,0,0
BRDA:259,67,1,0
BRDA:264,68,0,0
BRDA:264,68,1,0
BRDA:264,69,0,0
BRDA:264,69,1,0
BRDA:265,70,0,0
BRDA:265,70,1,0
BRDA:267,71,0,0
BRDA:267,71,1,0
BRDA:267,71,2,0
BRDA:267,71,3,0
BRDA:272,72,0,0
BRDA:272,72,1,0
BRDA:296,73,0,0
BRDA:296,73,1,0
BRDA:296,74,0,0
BRDA:296,74,1,0
BRDA:303,75,0,0
BRDA:303,75,1,0
BRDA:308,76,0,0
BRDA:308,76,1,0
BRDA:310,77,0,0
BRDA:310,77,1,0
BRDA:323,78,0,0
BRDA:323,78,1,0
BRDA:330,79,0,0
BRDA:330,79,1,0
BRDA:330,80,0,0
BRDA:330,80,1,0
BRDA:335,81,0,0
BRDA:335,81,1,0
BRDA:339,82,0,0
BRDA:339,82,1,0
BRDA:340,83,0,0
BRDA:340,83,1,0
BRDA:340,83,2,0
BRDA:340,83,3,0
BRDA:340,83,4,0
BRDA:340,83,5,0
BRDA:340,83,6,0
BRDA:340,83,7,0
BRDA:340,83,8,0
BRDA:340,83,9,0
BRDA:340,83,10,0
BRDA:340,83,11,0
BRDA:340,83,12,0
BRDA:340,83,13,0
BRDA:340,83,14,0
BRDA:340,83,15,0
BRDA:340,83,16,0
BRDA:340,83,17,0
BRDA:340,83,18,0
BRDA:340,83,19,0
BRDA:340,83,20,0
BRDA:340,83,21,0
BRDA:340,83,22,0
BRDA:340,83,23,0
BRDA:340,83,24,0
BRDA:340,83,25,0
BRDA:340,83,26,0
BRDA:340,83,27,0
BRDA:340,83,28,0
BRDA:379,84,0,0
BRDA:379,84,1,0
BRDA:387,85,0,0
BRDA:387,85,1,0
BRDA:388,86,0,0
BRDA:388,86,1,0
BRDA:388,86,2,0
BRDA:388,86,3,0
BRDA:388,86,4,0
BRDA:388,86,5,0
BRDA:388,86,6,0
BRDA:388,86,7,0
BRDA:388,86,8,0
BRDA:388,86,9,0
BRDA:388,86,10,0
BRDA:388,86,11,0
BRDA:388,86,12,0
BRDA:388,86,13,0
BRDA:388,86,14,0
BRDA:388,86,15,0
BRDA:388,86,16,0
BRDA:388,86,17,0
BRDA:388,86,18,0
BRDA:388,86,19,0
BRDA:388,86,20,0
BRDA:388,86,21,0
BRDA:388,86,22,0
BRDA:388,86,23,0
BRDA:388,86,24,0
BRDA:388,86,25,0
BRDA:388,86,26,0
BRDA:388,86,27,0
BRDA:426,87,0,0
BRDA:426,87,1,0
BRDA:430,88,0,0
BRDA:430,88,1,0
BRDA:439,89,0,0
BRDA:439,89,1,0
BRDA:443,90,0,0
BRDA:443,90,1,0
BRDA:443,91,0,0
BRDA:443,91,1,0
BRDA:446,92,0,0
BRDA:446,92,1,0
BRDA:456,93,0,0
BRDA:456,93,1,0
BRDA:456,93,2,0
BRDA:475,94,0,0
BRDA:475,94,1,0
BRDA:487,95,0,0
BRDA:495,96,0,0
BRDA:495,96,1,0
BRDA:497,97,0,0
BRDA:497,97,1,0
BRDA:507,98,0,0
BRDA:507,98,1,0
BRDA:507,99,0,0
BRDA:507,99,1,0
BRF:257
BRH:0
end_of_record
TN:
SF:src/stores/themeStore.ts
FN:11,(anonymous_0)
FN:13,(anonymous_1)
FN:13,(anonymous_2)
FNF:3
FNH:0
FNDA:0,(anonymous_0)
FNDA:0,(anonymous_1)
FNDA:0,(anonymous_2)
DA:1,0
DA:2,0
DA:9,0
DA:11,0
DA:13,0
LF:5
LH:0
BRF:0
BRH:0
end_of_record
TN:
SF:src/stores/watchlistStore.ts
FN:41,(anonymous_7)
FN:55,(anonymous_8)
FN:59,(anonymous_9)
FN:59,(anonymous_10)
FN:83,(anonymous_11)
FN:88,(anonymous_12)
FN:88,(anonymous_13)
FN:97,(anonymous_14)
FN:103,(anonymous_15)
FN:103,(anonymous_16)
FN:116,(anonymous_17)
FN:131,(anonymous_19)
FN:142,(anonymous_21)
FN:143,(anonymous_22)
FN:144,(anonymous_23)
FN:149,(anonymous_24)
FN:151,(anonymous_25)
FN:154,(anonymous_26)
FN:167,(anonymous_27)
FN:172,(anonymous_29)
FN:173,(anonymous_30)
FN:177,(anonymous_31)
FN:178,(anonymous_32)
FN:197,(anonymous_33)
FN:198,(anonymous_34)
FN:201,(anonymous_35)
FN:202,(anonymous_36)
FN:220,(anonymous_37)
FN:235,(anonymous_39)
FNF:29
FNH:0
FNDA:0,(anonymous_7)
FNDA:0,(anonymous_8)
FNDA:0,(anonymous_9)
FNDA:0,(anonymous_10)
FNDA:0,(anonymous_11)
FNDA:0,(anonymous_12)
FNDA:0,(anonymous_13)
FNDA:0,(anonymous_14)
FNDA:0,(anonymous_15)
FNDA:0,(anonymous_16)
FNDA:0,(anonymous_17)
FNDA:0,(anonymous_19)
FNDA:0,(anonymous_21)
FNDA:0,(anonymous_22)
FNDA:0,(anonymous_23)
FNDA:0,(anonymous_24)
FNDA:0,(anonymous_25)
FNDA:0,(anonymous_26)
FNDA:0,(anonymous_27)
FNDA:0,(anonymous_29)
FNDA:0,(anonymous_30)
FNDA:0,(anonymous_31)
FNDA:0,(anonymous_32)
FNDA:0,(anonymous_33)
FNDA:0,(anonymous_34)
FNDA:0,(anonymous_35)
FNDA:0,(anonymous_36)
FNDA:0,(anonymous_37)
FNDA:0,(anonymous_39)
DA:1,0
DA:2,0
DA:4,0
DA:10,0
DA:11,0
DA:41,0
DA:56,0
DA:59,0
DA:60,0
DA:62,0
DA:63,0
DA:66,0
DA:67,0
DA:69,0
DA:70,0
DA:73,0
DA:74,0
DA:76,0
DA:79,0
DA:80,0
DA:81,0
DA:83,0
DA:88,0
DA:97,0
DA:103,0
DA:110,0
DA:111,0
DA:112,0
DA:117,0
DA:119,0
DA:120,0
DA:121,0
DA:123,0
DA:125,0
DA:126,0
DA:127,0
DA:132,0
DA:133,0
DA:136,0
DA:138,0
DA:139,0
DA:140,0
DA:142,0
DA:143,0
DA:144,0
DA:149,0
DA:150,0
DA:151,0
DA:152,0
DA:154,0
DA:159,0
DA:161,0
DA:162,0
DA:163,0
DA:168,0
DA:169,0
DA:170,0
DA:172,0
DA:173,0
DA:174,0
DA:176,0
DA:177,0
DA:178,0
DA:180,0
DA:182,0
DA:197,0
DA:198,0
DA:199,0
DA:200,0
DA:201,0
DA:202,0
DA:203,0
DA:205,0
DA:212,0
DA:214,0
DA:215,0
DA:216,0
DA:221,0
DA:223,0
DA:224,0
DA:225,0
DA:226,0
DA:227,0
DA:229,0
DA:230,0
DA:231,0
DA:236,0
DA:238,0
DA:239,0
DA:240,0
DA:241,0
DA:242,0
DA:243,0
DA:245,0
DA:246,0
DA:247,0
LF:96
LH:0
BRDA:59,0,0,0
BRDA:59,1,0,0
BRDA:62,2,0,0
BRDA:62,2,1,0
BRDA:62,3,0,0
BRDA:62,3,1,0
BRDA:66,4,0,0
BRDA:66,4,1,0
BRDA:67,5,0,0
BRDA:67,5,1,0
BRDA:67,6,0,0
BRDA:67,6,1,0
BRDA:69,7,0,0
BRDA:69,7,1,0
BRDA:69,8,0,0
BRDA:69,8,1,0
BRDA:73,9,0,0
BRDA:73,9,1,0
BRDA:84,10,0,0
BRDA:84,10,1,0
BRDA:98,11,0,0
BRDA:98,11,1,0
BRDA:101,12,0,0
BRDA:101,12,1,0
BRDA:101,13,0,0
BRDA:101,13,1,0
BRDA:101,14,0,0
BRDA:101,14,1,0
BRDA:101,15,0,0
BRDA:101,15,1,0
BRDA:103,16,0,0
BRDA:103,16,1,0
BRDA:103,17,0,0
BRDA:103,17,1,0
BRDA:103,18,0,0
BRDA:103,18,1,0
BRDA:103,19,0,0
BRDA:103,19,1,0
BRDA:132,20,0,0
BRDA:132,20,1,0
BRDA:144,21,0,0
BRDA:144,21,1,0
BRDA:150,22,0,0
BRDA:150,22,1,0
BRDA:150,23,0,0
BRDA:150,23,1,0
BRDA:150,24,0,0
BRDA:150,24,1,0
BRDA:150,25,0,0
BRDA:150,25,1,0
BRDA:154,26,0,0
BRDA:154,26,1,0
BRDA:154,27,0,0
BRDA:154,27,1,0
BRDA:154,28,0,0
BRDA:154,28,1,0
BRDA:154,29,0,0
BRDA:154,29,1,0
BRDA:154,30,0,0
BRDA:154,30,1,0
BRDA:155,31,0,0
BRDA:155,31,1,0
BRDA:155,32,0,0
BRDA:155,32,1,0
BRDA:155,33,0,0
BRDA:155,33,1,0
BRDA:155,34,0,0
BRDA:155,34,1,0
BRDA:173,35,0,0
BRDA:173,35,1,0
BRDA:173,36,0,0
BRDA:173,36,1,0
BRDA:176,37,0,0
BRDA:176,37,1,0
BRDA:178,38,0,0
BRDA:178,38,1,0
BRDA:180,39,0,0
BRDA:180,39,1,0
BRDA:180,40,0,0
BRDA:180,40,1,0
BRDA:180,41,0,0
BRDA:180,41,1,0
BRDA:180,42,0,0
BRDA:180,42,1,0
BRDA:186,43,0,0
BRDA:186,43,1,0
BRDA:186,44,0,0
BRDA:186,44,1,0
BRDA:198,45,0,0
BRDA:198,45,1,0
BRDA:198,46,0,0
BRDA:198,46,1,0
BRDA:198,47,0,0
BRDA:198,47,1,0
BRDA:198,48,0,0
BRDA:198,48,1,0
BRDA:198,49,0,0
BRDA:198,49,1,0
BRDA:198,50,0,0
BRDA:198,50,1,0
BRDA:200,51,0,0
BRDA:200,51,1,0
BRDA:201,52,0,0
BRDA:201,52,1,0
BRDA:201,53,0,0
BRDA:201,53,1,0
BRDA:201,54,0,0
BRDA:201,54,1,0
BRDA:201,55,0,0
BRDA:201,55,1,0
BRDA:202,56,0,0
BRDA:202,56,1,0
BRDA:202,57,0,0
BRDA:202,57,1,0
BRDA:202,58,0,0
BRDA:202,58,1,0
BRDA:202,59,0,0
BRDA:202,59,1,0
BRDA:202,60,0,0
BRDA:202,60,1,0
BRDA:203,61,0,0
BRDA:203,61,1,0
BRDA:203,62,0,0
BRDA:203,62,1,0
BRDA:203,63,0,0
BRDA:203,63,1,0
BRDA:203,64,0,0
BRDA:203,64,1,0
BRDA:203,65,0,0
BRDA:203,65,1,0
BRDA:203,66,0,0
BRDA:203,66,1,0
BRDA:203,67,0,0
BRDA:203,67,1,0
BRDA:203,68,0,0
BRDA:203,68,1,0
BRDA:208,69,0,0
BRDA:208,69,1,0
BRDA:208,70,0,0
BRDA:208,70,1,0
BRDA:208,71,0,0
BRDA:208,71,1,0
BRDA:208,72,0,0
BRDA:208,72,1,0
BRF:144
BRH:0
end_of_record
TN:
SF:src/stores/watchlistStore.utils.ts
FN:18,(anonymous_0)
FN:22,(anonymous_1)
FN:23,(anonymous_2)
FN:26,(anonymous_3)
FN:52,(anonymous_4)
FN:64,(anonymous_5)
FN:73,(anonymous_6)
FNF:7
FNH:0
FNDA:0,(anonymous_0)
FNDA:0,(anonymous_1)
FNDA:0,(anonymous_2)
FNDA:0,(anonymous_3)
FNDA:0,(anonymous_4)
FNDA:0,(anonymous_5)
FNDA:0,(anonymous_6)
DA:14,0
DA:16,0
DA:18,0
DA:22,0
DA:23,0
DA:26,0
DA:52,0
DA:64,0
DA:73,0
LF:9
LH:0
BRDA:48,0,0,0
BRDA:48,0,1,0
BRDA:48,1,0,0
BRDA:48,1,1,0
BRF:4
BRH:0
end_of_record
TN:
SF:src/types/index.ts
FN:207,(anonymous_0)
FNF:1
FNH:1
FNDA:19,(anonymous_0)
DA:207,20
LF:1
LH:1
BRF:0
BRH:0
end_of_record
TN:
SF:src/types/photoAnalysis.ts
FN:36,(anonymous_0)
FN:40,(anonymous_1)
FNF:2
FNH:2
FNDA:19,(anonymous_0)
FNDA:114,(anonymous_1)
DA:34,1
DA:36,19
DA:40,114
LF:3
LH:3
BRF:0
BRH:0
end_of_record
TN:
SF:src/utils/authorAnalysisUtils.ts
FN:8,(anonymous_0)
FN:43,(anonymous_1)
FN:50,(anonymous_2)
FNF:3
FNH:0
FNDA:0,(anonymous_0)
FNDA:0,(anonymous_1)
FNDA:0,(anonymous_2)
DA:8,0
DA:9,0
DA:10,0
DA:13,0
DA:15,0
DA:16,0
DA:19,0
DA:31,0
DA:43,0
DA:44,0
DA:50,0
DA:51,0
DA:55,0
DA:57,0
LF:14
LH:0
BRDA:9,0,0,0
BRDA:9,0,1,0
BRDA:15,1,0,0
BRDA:15,1,1,0
BRDA:44,2,0,0
BRDA:44,2,1,0
BRDA:50,3,0,0
BRDA:51,4,0,0
BRDA:51,4,1,0
BRDA:51,5,0,0
BRDA:51,5,1,0
BRF:11
BRH:0
end_of_record
TN:
SF:src/utils/highlightKeywords.tsx
FN:4,highlightKeywords
FN:10,(anonymous_1)
FN:20,(anonymous_2)
FN:25,(anonymous_3)
FN:32,(anonymous_4)
FN:39,(anonymous_5)
FN:42,(anonymous_6)
FNF:7
FNH:0
FNDA:0,highlightKeywords
FNDA:0,(anonymous_1)
FNDA:0,(anonymous_2)
FNDA:0,(anonymous_3)
FNDA:0,(anonymous_4)
FNDA:0,(anonymous_5)
FNDA:0,(anonymous_6)
DA:2,0
DA:4,0
DA:5,0
DA:6,0
DA:9,0
DA:11,0
DA:12,0
DA:14,0
DA:15,0
DA:18,0
DA:21,0
DA:22,0
DA:25,0
DA:28,0
DA:29,0
DA:32,0
DA:34,0
DA:35,0
DA:38,0
DA:39,0
DA:40,0
DA:42,0
DA:43,0
DA:44,0
DA:47,0
LF:25
LH:0
BRDA:5,0,0,0
BRDA:5,0,1,0
BRDA:5,1,0,0
BRDA:5,1,1,0
BRDA:14,2,0,0
BRDA:14,2,1,0
BRDA:21,3,0,0
BRDA:21,3,1,0
BRDA:25,4,0,0
BRDA:25,4,1,0
BRDA:25,5,0,0
BRDA:25,5,1,0
BRDA:28,6,0,0
BRDA:28,6,1,0
BRDA:34,7,0,0
BRDA:34,7,1,0
BRDA:43,8,0,0
BRDA:43,8,1,0
BRF:18
BRH:0
end_of_record
TN:
SF:src/utils/keywordMatching.ts
FN:8,(anonymous_0)
FN:10,(anonymous_1)
FN:25,(anonymous_2)
FNF:3
FNH:0
FNDA:0,(anonymous_0)
FNDA:0,(anonymous_1)
FNDA:0,(anonymous_2)
DA:1,0
DA:2,0
DA:3,0
DA:4,0
DA:5,0
DA:6,0
DA:8,0
DA:10,0
DA:11,0
DA:12,0
DA:15,0
DA:25,0
DA:26,0
DA:27,0
LF:14
LH:0
BRDA:11,0,0,0
BRDA:11,0,1,0
BRF:2
BRH:0
end_of_record
TN:
SF:src/utils/reportExport.ts
FN:4,(anonymous_0)
FN:21,(anonymous_1)
FNF:2
FNH:0
FNDA:0,(anonymous_0)
FNDA:0,(anonymous_1)
DA:4,0
DA:5,0
DA:6,0
DA:9,0
DA:10,0
DA:11,0
DA:13,0
DA:14,0
DA:15,0
DA:16,0
DA:18,0
DA:19,0
DA:21,0
DA:22,0
DA:23,0
LF:15
LH:0
BRDA:5,0,0,0
BRDA:5,0,1,0
BRDA:5,1,0,0
BRDA:5,1,1,0
BRDA:9,2,0,0
BRDA:9,2,1,0
BRF:6
BRH:0
end_of_record
TN:
SF:src/utils/statusHelpers.ts
FN:1,(anonymous_0)
FN:18,(anonymous_1)
FNF:2
FNH:0
FNDA:0,(anonymous_0)
FNDA:0,(anonymous_1)
DA:1,0
DA:2,0
DA:4,0
DA:6,0
DA:8,0
DA:10,0
DA:12,0
DA:14,0
DA:18,0
DA:19,0
DA:21,0
DA:23,0
DA:25,0
DA:27,0
DA:29,0
DA:31,0
LF:16
LH:0
BRDA:2,0,0,0
BRDA:2,0,1,0
BRDA:2,0,2,0
BRDA:2,0,3,0
BRDA:2,0,4,0
BRDA:2,0,5,0
BRDA:19,1,0,0
BRDA:19,1,1,0
BRDA:19,1,2,0
BRDA:19,1,3,0
BRDA:19,1,4,0
BRDA:19,1,5,0
BRF:12
BRH:0
end_of_record
TN:
SF:src/utils/tableHelpers.ts
FN:1,(anonymous_0)
FNF:1
FNH:0
FNDA:0,(anonymous_0)
DA:1,0
DA:6,0
DA:7,0
DA:9,0
DA:10,0
DA:11,0
DA:12,0
LF:7
LH:0
BRDA:9,0,0,0
BRDA:9,0,1,0
BRDA:9,1,0,0
BRDA:9,1,1,0
BRDA:9,2,0,0
BRDA:9,2,1,0
BRDA:9,3,0,0
BRDA:9,3,1,0
BRDA:11,4,0,0
BRDA:11,4,1,0
BRDA:11,5,0,0
BRDA:11,5,1,0
BRF:12
BRH:0
end_of_record
TN:
SF:src/utils/watchlistUtils.ts
FN:11,(anonymous_0)
FN:35,(anonymous_1)
FN:50,(anonymous_2)
FN:65,(anonymous_3)
FN:93,isValidWatchlistSettings
FN:108,(anonymous_5)
FN:117,(anonymous_6)
FN:119,(anonymous_7)
FNF:8
FNH:3
FNDA:0,(anonymous_0)
FNDA:0,(anonymous_1)
FNDA:0,(anonymous_2)
FNDA:0,(anonymous_3)
FNDA:0,isValidWatchlistSettings
FNDA:23,(anonymous_5)
FNDA:6,(anonymous_6)
FNDA:19,(anonymous_7)
DA:11,1
DA:12,0
DA:13,0
DA:16,0
DA:17,0
DA:18,0
DA:21,0
DA:35,1
DA:36,0
DA:42,0
DA:50,1
DA:51,0
DA:55,0
DA:65,1
DA:70,0
DA:71,0
DA:74,0
DA:75,0
DA:78,0
DA:79,0
DA:83,0
DA:84,0
DA:87,0
DA:93,1
DA:94,0
DA:108,1
DA:109,23
DA:117,1
DA:118,6
DA:119,6
DA:120,19
DA:121,9
DA:122,9
LF:33
LH:13
BRDA:12,0,0,0
BRDA:12,0,1,0
BRDA:17,1,0,0
BRDA:17,1,1,0
BRDA:42,2,0,0
BRDA:42,2,1,0
BRDA:55,3,0,0
BRDA:55,3,1,0
BRDA:70,4,0,0
BRDA:70,4,1,0
BRDA:70,5,0,0
BRDA:70,5,1,0
BRDA:78,6,0,0
BRDA:78,6,1,0
BRDA:83,7,0,0
BRDA:83,7,1,0
BRDA:83,8,0,0
BRDA:83,8,1,0
BRDA:83,8,2,0
BRDA:95,9,0,0
BRDA:95,9,1,0
BRDA:95,9,2,0
BRDA:95,9,3,0
BRDA:95,9,4,0
BRDA:120,10,0,10
BRDA:120,10,1,9
BRDA:120,11,0,19
BRDA:120,11,1,12
BRF:28
BRH:4
end_of_record
