{"/home/pc051/Project/parseVK/front/src/pages/Watchlist/components/WatchlistAuthorsTable.tsx": {"path":"/home/pc051/Project/parseVK/front/src/pages/Watchlist/components/WatchlistAuthorsTable.tsx","statementMap":{"0":{"start":{"line":1,"column":0},"end":{"line":1,"column":71}},"1":{"start":{"line":2,"column":0},"end":{"line":2,"column":35}},"2":{"start":{"line":3,"column":0},"end":{"line":3,"column":47}},"3":{"start":{"line":4,"column":0},"end":{"line":4,"column":50}},"4":{"start":{"line":5,"column":0},"end":{"line":5,"column":null}},"5":{"start":{"line":9,"column":0},"end":{"line":9,"column":57}},"6":{"start":{"line":10,"column":0},"end":{"line":10,"column":69}},"7":{"start":{"line":12,"column":0},"end":{"line":12,"column":77}},"8":{"start":{"line":13,"column":0},"end":{"line":13,"column":39}},"9":{"start":{"line":14,"column":0},"end":{"line":14,"column":60}},"10":{"start":{"line":15,"column":0},"end":{"line":15,"column":75}},"11":{"start":{"line":16,"column":0},"end":{"line":16,"column":71}},"12":{"start":{"line":17,"column":0},"end":{"line":17,"column":61}},"13":{"start":{"line":51,"column":13},"end":{"line":213,"column":null}},"14":{"start":{"line":62,"column":48},"end":{"line":62,"column":77}},"15":{"start":{"line":68,"column":23},"end":{"line":68,"column":76}},"16":{"start":{"line":68,"column":37},"end":{"line":68,"column":64}},"17":{"start":{"line":74,"column":6},"end":{"line":80,"column":null}},"18":{"start":{"line":89,"column":29},"end":{"line":101,"column":22}},"19":{"start":{"line":90,"column":4},"end":{"line":100,"column":5}},"20":{"start":{"line":91,"column":6},"end":{"line":96,"column":7}},"21":{"start":{"line":92,"column":8},"end":{"line":92,"column":null}},"22":{"start":{"line":94,"column":8},"end":{"line":94,"column":null}},"23":{"start":{"line":95,"column":8},"end":{"line":95,"column":null}},"24":{"start":{"line":98,"column":6},"end":{"line":98,"column":null}},"25":{"start":{"line":99,"column":6},"end":{"line":99,"column":null}},"26":{"start":{"line":103,"column":38},"end":{"line":107,"column":4}},"27":{"start":{"line":105,"column":25},"end":{"line":105,"column":65}},"28":{"start":{"line":114,"column":2},"end":{"line":118,"column":null}},"29":{"start":{"line":115,"column":4},"end":{"line":117,"column":5}},"30":{"start":{"line":116,"column":6},"end":{"line":116,"column":null}},"31":{"start":{"line":121,"column":20},"end":{"line":121,"column":55}},"32":{"start":{"line":122,"column":18},"end":{"line":122,"column":65}},"33":{"start":{"line":123,"column":18},"end":{"line":123,"column":70}},"34":{"start":{"line":124,"column":28},"end":{"line":124,"column":53}},"35":{"start":{"line":126,"column":2},"end":{"line":212,"column":null}}},"fnMap":{"0":{"name":"(anonymous_0)","decl":{"start":{"line":51,"column":42},"end":{"line":51,"column":43}},"loc":{"start":{"line":60,"column":33},"end":{"line":213,"column":1}}},"1":{"name":"(anonymous_1)","decl":{"start":{"line":68,"column":31},"end":{"line":68,"column":34}},"loc":{"start":{"line":68,"column":37},"end":{"line":68,"column":64}}},"2":{"name":"(anonymous_2)","decl":{"start":{"line":89,"column":41},"end":{"line":89,"column":42}},"loc":{"start":{"line":89,"column":73},"end":{"line":101,"column":3}}},"3":{"name":"(anonymous_3)","decl":{"start":{"line":105,"column":14},"end":{"line":105,"column":15}},"loc":{"start":{"line":105,"column":25},"end":{"line":105,"column":65}}},"4":{"name":"(anonymous_4)","decl":{"start":{"line":114,"column":12},"end":{"line":114,"column":15}},"loc":{"start":{"line":114,"column":17},"end":{"line":118,"column":3}}}},"branchMap":{"0":{"loc":{"start":{"line":91,"column":6},"end":{"line":96,"column":7}},"type":"if","locations":[{"start":{"line":91,"column":6},"end":{"line":96,"column":7}},{"start":{"line":93,"column":13},"end":{"line":96,"column":7}}]},"1":{"loc":{"start":{"line":115,"column":4},"end":{"line":117,"column":5}},"type":"if","locations":[{"start":{"line":115,"column":4},"end":{"line":117,"column":5}},{"start":{},"end":{}}]},"2":{"loc":{"start":{"line":121,"column":20},"end":{"line":121,"column":55}},"type":"binary-expr","locations":[{"start":{"line":121,"column":20},"end":{"line":121,"column":36}},{"start":{"line":121,"column":40},"end":{"line":121,"column":55}}]},"3":{"loc":{"start":{"line":122,"column":18},"end":{"line":122,"column":65}},"type":"binary-expr","locations":[{"start":{"line":122,"column":18},"end":{"line":122,"column":35}},{"start":{"line":122,"column":39},"end":{"line":122,"column":65}}]},"4":{"loc":{"start":{"line":123,"column":18},"end":{"line":123,"column":70}},"type":"binary-expr","locations":[{"start":{"line":123,"column":18},"end":{"line":123,"column":42}},{"start":{"line":123,"column":46},"end":{"line":123,"column":70}}]},"5":{"loc":{"start":{"line":132,"column":8},"end":{"line":143,"column":16}},"type":"cond-expr","locations":[{"start":{"line":133,"column":10},"end":{"line":134,"column":null}},{"start":{"line":143,"column":12},"end":{"line":143,"column":16}}]},"6":{"loc":{"start":{"line":138,"column":22},"end":{"line":138,"column":62}},"type":"binary-expr","locations":[{"start":{"line":138,"column":22},"end":{"line":138,"column":38}},{"start":{"line":138,"column":42},"end":{"line":138,"column":62}}]},"7":{"loc":{"start":{"line":141,"column":13},"end":{"line":141,"column":66}},"type":"cond-expr","locations":[{"start":{"line":141,"column":36},"end":{"line":141,"column":48}},{"start":{"line":141,"column":51},"end":{"line":141,"column":66}}]},"8":{"loc":{"start":{"line":148,"column":9},"end":{"line":148,"column":51}},"type":"binary-expr","locations":[{"start":{"line":148,"column":9},"end":{"line":148,"column":18}},{"start":{"line":148,"column":22},"end":{"line":148,"column":51}}]},"9":{"loc":{"start":{"line":149,"column":9},"end":{"line":149,"column":69}},"type":"binary-expr","locations":[{"start":{"line":149,"column":9},"end":{"line":149,"column":29}},{"start":{"line":149,"column":33},"end":{"line":149,"column":69}}]},"10":{"loc":{"start":{"line":150,"column":9},"end":{"line":150,"column":41}},"type":"binary-expr","locations":[{"start":{"line":150,"column":9},"end":{"line":150,"column":16}},{"start":{"line":150,"column":20},"end":{"line":150,"column":41}}]},"11":{"loc":{"start":{"line":151,"column":9},"end":{"line":151,"column":82}},"type":"binary-expr","locations":[{"start":{"line":151,"column":9},"end":{"line":151,"column":16}},{"start":{"line":151,"column":20},"end":{"line":151,"column":82}}]},"12":{"loc":{"start":{"line":155,"column":7},"end":{"line":157,"column":14}},"type":"cond-expr","locations":[{"start":{"line":156,"column":8},"end":{"line":156,"column":44}},{"start":{"line":157,"column":10},"end":{"line":157,"column":14}}]},"13":{"loc":{"start":{"line":160,"column":7},"end":{"line":162,"column":14}},"type":"cond-expr","locations":[{"start":{"line":161,"column":8},"end":{"line":161,"column":40}},{"start":{"line":162,"column":10},"end":{"line":162,"column":14}}]},"14":{"loc":{"start":{"line":165,"column":7},"end":{"line":210,"column":14}},"type":"cond-expr","locations":[{"start":{"line":166,"column":8},"end":{"line":174,"column":null}},{"start":{"line":210,"column":10},"end":{"line":210,"column":14}}]},"15":{"loc":{"start":{"line":173,"column":33},"end":{"line":173,"column":122}},"type":"cond-expr","locations":[{"start":{"line":173,"column":60},"end":{"line":173,"column":110}},{"start":{"line":173,"column":113},"end":{"line":173,"column":122}}]},"16":{"loc":{"start":{"line":173,"column":74},"end":{"line":173,"column":108}},"type":"cond-expr","locations":[{"start":{"line":173,"column":104},"end":{"line":173,"column":106}},{"start":{"line":173,"column":104},"end":{"line":173,"column":108}}]},"17":{"loc":{"start":{"line":173,"column":74},"end":{"line":173,"column":106}},"type":"binary-expr","locations":[{"start":{"line":173,"column":74},"end":{"line":173,"column":106}},{"start":{"line":173,"column":104},"end":{"line":173,"column":106}}]},"18":{"loc":{"start":{"line":181,"column":11},"end":{"line":203,"column":null}},"type":"cond-expr","locations":[{"start":{"line":182,"column":12},"end":{"line":194,"column":null}},{"start":{"line":197,"column":12},"end":{"line":202,"column":null}}]},"19":{"loc":{"start":{"line":207,"column":13},"end":{"line":207,"column":65}},"type":"binary-expr","locations":[{"start":{"line":207,"column":13},"end":{"line":207,"column":30}},{"start":{"line":207,"column":34},"end":{"line":207,"column":65}}]}},"s":{"0":0,"1":0,"2":0,"3":0,"4":0,"5":0,"6":0,"7":0,"8":0,"9":0,"10":0,"11":0,"12":0,"13":0,"14":0,"15":0,"16":0,"17":0,"18":0,"19":0,"20":0,"21":0,"22":0,"23":0,"24":0,"25":0,"26":0,"27":0,"28":0,"29":0,"30":0,"31":0,"32":0,"33":0,"34":0,"35":0},"f":{"0":0,"1":0,"2":0,"3":0,"4":0},"b":{"0":[0,0],"1":[0,0],"2":[0,0],"3":[0,0],"4":[0,0],"5":[0,0],"6":[0,0],"7":[0,0],"8":[0,0],"9":[0,0],"10":[0,0],"11":[0,0],"12":[0,0],"13":[0,0],"14":[0,0],"15":[0,0],"16":[0,0],"17":[0,0],"18":[0,0],"19":[0,0]}}
}
